===========================================================
experiment 1
params

n_hidden : 8
n_layers : 2
batch_size : 128
num_epochs : 5
learning_rate : 0.01
weight_decay : 1e-05

training loss : 0.0012032069498673081
validation loss : 2975.6171875

===========================================================
experiment 2
params

n_hidden : 8
n_layers : 2
batch_size : 128
num_epochs : 5
learning_rate : 0.01
weight_decay : 1e-06

training loss : 0.0012453477829694748
validation loss : 2866.1162109375

===========================================================
experiment 3
params

n_hidden : 8
n_layers : 2
batch_size : 128
num_epochs : 5
learning_rate : 0.001
weight_decay : 1e-05

training loss : 0.0017717364244163036
validation loss : 4069.845703125

===========================================================
experiment 4
params

n_hidden : 8
n_layers : 2
batch_size : 128
num_epochs : 5
learning_rate : 0.001
weight_decay : 1e-06

training loss : 0.0015358648961409926
validation loss : 3681.913818359375

===========================================================
experiment 5
params

n_hidden : 8
n_layers : 2
batch_size : 128
num_epochs : 10
learning_rate : 0.01
weight_decay : 1e-05

training loss : 0.0012926283525303006
validation loss : 2922.981201171875

===========================================================
experiment 6
params

n_hidden : 8
n_layers : 2
batch_size : 128
num_epochs : 10
learning_rate : 0.01
weight_decay : 1e-06

training loss : 0.0012573441490530968
validation loss : 2924.1123046875

===========================================================
experiment 7
params

n_hidden : 8
n_layers : 2
batch_size : 128
num_epochs : 10
learning_rate : 0.001
weight_decay : 1e-05

training loss : 0.001117444597184658
validation loss : 3094.69580078125

===========================================================
experiment 8
params

n_hidden : 8
n_layers : 2
batch_size : 128
num_epochs : 10
learning_rate : 0.001
weight_decay : 1e-06

training loss : 0.001491147093474865
validation loss : 3656.739013671875

===========================================================
experiment 9
params

n_hidden : 8
n_layers : 2
batch_size : 128
num_epochs : 15
learning_rate : 0.01
weight_decay : 1e-05

training loss : 0.001169503666460514
validation loss : 2863.20458984375

===========================================================
experiment 10
params

n_hidden : 8
n_layers : 2
batch_size : 128
num_epochs : 15
learning_rate : 0.01
weight_decay : 1e-06

training loss : 0.0013616776559501886
validation loss : 3000.919677734375

===========================================================
experiment 11
params

n_hidden : 8
n_layers : 2
batch_size : 128
num_epochs : 15
learning_rate : 0.001
weight_decay : 1e-05

training loss : 0.0012209905544295907
validation loss : 3031.781494140625

===========================================================
experiment 12
params

n_hidden : 8
n_layers : 2
batch_size : 128
num_epochs : 15
learning_rate : 0.001
weight_decay : 1e-06

training loss : 0.001287505030632019
validation loss : 3175.657958984375

===========================================================
experiment 13
params

n_hidden : 8
n_layers : 2
batch_size : 64
num_epochs : 5
learning_rate : 0.01
weight_decay : 1e-05

training loss : 0.0013315507676452398
validation loss : 3028.24658203125

===========================================================
experiment 14
params

n_hidden : 8
n_layers : 2
batch_size : 64
num_epochs : 5
learning_rate : 0.01
weight_decay : 1e-06

training loss : 0.001240038312971592
validation loss : 2942.40625

===========================================================
experiment 15
params

n_hidden : 8
n_layers : 2
batch_size : 64
num_epochs : 5
learning_rate : 0.001
weight_decay : 1e-05

training loss : 0.0013440006878226995
validation loss : 3108.317138671875

===========================================================
experiment 16
params

n_hidden : 8
n_layers : 2
batch_size : 64
num_epochs : 5
learning_rate : 0.001
weight_decay : 1e-06

training loss : 0.0018811097834259272
validation loss : 3853.001220703125

===========================================================
experiment 17
params

n_hidden : 8
n_layers : 2
batch_size : 64
num_epochs : 10
learning_rate : 0.01
weight_decay : 1e-05

training loss : 0.001213009818457067
validation loss : 2857.425048828125

===========================================================
experiment 18
params

n_hidden : 8
n_layers : 2
batch_size : 64
num_epochs : 10
learning_rate : 0.01
weight_decay : 1e-06

training loss : 0.0012137375306338072
validation loss : 2763.42236328125

===========================================================
experiment 19
params

n_hidden : 8
n_layers : 2
batch_size : 64
num_epochs : 10
learning_rate : 0.001
weight_decay : 1e-05

training loss : 0.0012035594554618
validation loss : 2968.2041015625

===========================================================
experiment 20
params

n_hidden : 8
n_layers : 2
batch_size : 64
num_epochs : 10
learning_rate : 0.001
weight_decay : 1e-06

training loss : 0.0011631459929049015
validation loss : 2995.767822265625

===========================================================
experiment 21
params

n_hidden : 8
n_layers : 2
batch_size : 64
num_epochs : 15
learning_rate : 0.01
weight_decay : 1e-05

training loss : 0.0012188961263746023
validation loss : 2701.296630859375

===========================================================
experiment 22
params

n_hidden : 8
n_layers : 2
batch_size : 64
num_epochs : 15
learning_rate : 0.01
weight_decay : 1e-06

training loss : 0.0012561701005324721
validation loss : 2693.5986328125

===========================================================
experiment 23
params

n_hidden : 8
n_layers : 2
batch_size : 64
num_epochs : 15
learning_rate : 0.001
weight_decay : 1e-05

training loss : 0.0012379820691421628
validation loss : 2955.3994140625

===========================================================
experiment 24
params

n_hidden : 8
n_layers : 2
batch_size : 64
num_epochs : 15
learning_rate : 0.001
weight_decay : 1e-06

training loss : 0.0012084566988050938
validation loss : 2668.315673828125

===========================================================
experiment 25
params

n_hidden : 8
n_layers : 2
batch_size : 32
num_epochs : 5
learning_rate : 0.01
weight_decay : 1e-05

training loss : 0.001152955461293459
validation loss : 2950.343505859375

===========================================================
experiment 26
params

n_hidden : 8
n_layers : 2
batch_size : 32
num_epochs : 5
learning_rate : 0.01
weight_decay : 1e-06

training loss : 0.0011847477871924639
validation loss : 3268.64111328125

===========================================================
experiment 27
params

n_hidden : 8
n_layers : 2
batch_size : 32
num_epochs : 5
learning_rate : 0.001
weight_decay : 1e-05

training loss : 0.0013010110706090927
validation loss : 3372.7412109375

===========================================================
experiment 28
params

n_hidden : 8
n_layers : 2
batch_size : 32
num_epochs : 5
learning_rate : 0.001
weight_decay : 1e-06

training loss : 0.0013019029283896089
validation loss : 3799.171630859375

===========================================================
experiment 29
params

n_hidden : 8
n_layers : 2
batch_size : 32
num_epochs : 10
learning_rate : 0.01
weight_decay : 1e-05

training loss : 0.001166461268439889
validation loss : 3110.947998046875

===========================================================
experiment 30
params

n_hidden : 8
n_layers : 2
batch_size : 32
num_epochs : 10
learning_rate : 0.01
weight_decay : 1e-06

training loss : 0.0018333533080294728
validation loss : 3139.96923828125

===========================================================
experiment 31
params

n_hidden : 8
n_layers : 2
batch_size : 32
num_epochs : 10
learning_rate : 0.001
weight_decay : 1e-05

training loss : 0.001164103508926928
validation loss : 2757.75927734375

===========================================================
experiment 32
params

n_hidden : 8
n_layers : 2
batch_size : 32
num_epochs : 10
learning_rate : 0.001
weight_decay : 1e-06

training loss : 0.0010867260862141848
validation loss : 3004.962890625

===========================================================
experiment 33
params

n_hidden : 8
n_layers : 2
batch_size : 32
num_epochs : 15
learning_rate : 0.01
weight_decay : 1e-05

training loss : 0.0010917044710367918
validation loss : 3417.169677734375

===========================================================
experiment 34
params

n_hidden : 8
n_layers : 2
batch_size : 32
num_epochs : 15
learning_rate : 0.01
weight_decay : 1e-06

training loss : 0.0011079397518187761
validation loss : 3335.594970703125

===========================================================
experiment 35
params

n_hidden : 8
n_layers : 2
batch_size : 32
num_epochs : 15
learning_rate : 0.001
weight_decay : 1e-05

training loss : 0.0012984249042347074
validation loss : 2761.286865234375

===========================================================
experiment 36
params

n_hidden : 8
n_layers : 2
batch_size : 32
num_epochs : 15
learning_rate : 0.001
weight_decay : 1e-06

training loss : 0.0013703192817047238
validation loss : 2737.464599609375

===========================================================
experiment 37
params

n_hidden : 8
n_layers : 3
batch_size : 128
num_epochs : 5
learning_rate : 0.01
weight_decay : 1e-05

training loss : 0.001338060712441802
validation loss : 3002.745361328125

===========================================================
experiment 38
params

n_hidden : 8
n_layers : 3
batch_size : 128
num_epochs : 5
learning_rate : 0.01
weight_decay : 1e-06

training loss : 0.0011175950057804585
validation loss : 2977.622802734375

===========================================================
experiment 39
params

n_hidden : 8
n_layers : 3
batch_size : 128
num_epochs : 5
learning_rate : 0.001
weight_decay : 1e-05

training loss : 0.0019741670694202185
validation loss : 4034.168212890625

===========================================================
experiment 40
params

n_hidden : 8
n_layers : 3
batch_size : 128
num_epochs : 5
learning_rate : 0.001
weight_decay : 1e-06

training loss : 0.002572709461674094
validation loss : 4297.07568359375

===========================================================
experiment 41
params

n_hidden : 8
n_layers : 3
batch_size : 128
num_epochs : 10
learning_rate : 0.01
weight_decay : 1e-05

training loss : 0.00133666698820889
validation loss : 2931.270751953125

===========================================================
experiment 42
params

n_hidden : 8
n_layers : 3
batch_size : 128
num_epochs : 10
learning_rate : 0.01
weight_decay : 1e-06

training loss : 0.001206090790219605
validation loss : 2908.935791015625

===========================================================
experiment 43
params

n_hidden : 8
n_layers : 3
batch_size : 128
num_epochs : 10
learning_rate : 0.001
weight_decay : 1e-05

training loss : 0.0025316548999398947
validation loss : 4666.57958984375

===========================================================
experiment 44
params

n_hidden : 8
n_layers : 3
batch_size : 128
num_epochs : 10
learning_rate : 0.001
weight_decay : 1e-06

training loss : 0.0015211205463856459
validation loss : 3257.4501953125

===========================================================
experiment 45
params

n_hidden : 8
n_layers : 3
batch_size : 128
num_epochs : 15
learning_rate : 0.01
weight_decay : 1e-05

training loss : 0.0012289592996239662
validation loss : 2685.0556640625

===========================================================
experiment 46
params

n_hidden : 8
n_layers : 3
batch_size : 128
num_epochs : 15
learning_rate : 0.01
weight_decay : 1e-06

training loss : 0.0011948557803407311
validation loss : 2835.35009765625

===========================================================
experiment 47
params

n_hidden : 8
n_layers : 3
batch_size : 128
num_epochs : 15
learning_rate : 0.001
weight_decay : 1e-05

training loss : 0.0012212188448756933
validation loss : 2908.126220703125

===========================================================
experiment 48
params

n_hidden : 8
n_layers : 3
batch_size : 128
num_epochs : 15
learning_rate : 0.001
weight_decay : 1e-06

training loss : 0.001194232958368957
validation loss : 2774.706298828125

===========================================================
experiment 49
params

n_hidden : 8
n_layers : 3
batch_size : 64
num_epochs : 5
learning_rate : 0.01
weight_decay : 1e-05

training loss : 0.001270189299248159
validation loss : 2802.090576171875

===========================================================
experiment 50
params

n_hidden : 8
n_layers : 3
batch_size : 64
num_epochs : 5
learning_rate : 0.01
weight_decay : 1e-06

training loss : 0.0014389029238373041
validation loss : 3082.314208984375

===========================================================
experiment 51
params

n_hidden : 8
n_layers : 3
batch_size : 64
num_epochs : 5
learning_rate : 0.001
weight_decay : 1e-05

training loss : 0.0013089996064081788
validation loss : 2795.45703125

===========================================================
experiment 52
params

n_hidden : 8
n_layers : 3
batch_size : 64
num_epochs : 5
learning_rate : 0.001
weight_decay : 1e-06

training loss : 0.0022303778678178787
validation loss : 4137.8017578125

===========================================================
experiment 53
params

n_hidden : 8
n_layers : 3
batch_size : 64
num_epochs : 10
learning_rate : 0.01
weight_decay : 1e-05

training loss : 0.0013469314435496926
validation loss : 2743.693115234375

===========================================================
experiment 54
params

n_hidden : 8
n_layers : 3
batch_size : 64
num_epochs : 10
learning_rate : 0.01
weight_decay : 1e-06

training loss : 0.0014237891882658005
validation loss : 3045.776123046875

===========================================================
experiment 55
params

n_hidden : 8
n_layers : 3
batch_size : 64
num_epochs : 10
learning_rate : 0.001
weight_decay : 1e-05

training loss : 0.0012114215642213821
validation loss : 2967.879638671875

===========================================================
experiment 56
params

n_hidden : 8
n_layers : 3
batch_size : 64
num_epochs : 10
learning_rate : 0.001
weight_decay : 1e-06

training loss : 0.0010653671342879534
validation loss : 2851.295166015625

===========================================================
experiment 57
params

n_hidden : 8
n_layers : 3
batch_size : 64
num_epochs : 15
learning_rate : 0.01
weight_decay : 1e-05

training loss : 0.0012827893951907754
validation loss : 2865.330078125

===========================================================
experiment 58
params

n_hidden : 8
n_layers : 3
batch_size : 64
num_epochs : 15
learning_rate : 0.01
weight_decay : 1e-06

training loss : 0.0012716641649603844
validation loss : 2736.529296875

===========================================================
experiment 59
params

n_hidden : 8
n_layers : 3
batch_size : 64
num_epochs : 15
learning_rate : 0.001
weight_decay : 1e-05

training loss : 0.0011959766270592809
validation loss : 2907.242919921875

===========================================================
experiment 60
params

n_hidden : 8
n_layers : 3
batch_size : 64
num_epochs : 15
learning_rate : 0.001
weight_decay : 1e-06

training loss : 0.00137446285225451
validation loss : 2811.39404296875

===========================================================
experiment 61
params

n_hidden : 8
n_layers : 3
batch_size : 32
num_epochs : 5
learning_rate : 0.01
weight_decay : 1e-05

training loss : 0.0011283918283879757
validation loss : 3357.44482421875

===========================================================
experiment 62
params

n_hidden : 8
n_layers : 3
batch_size : 32
num_epochs : 5
learning_rate : 0.01
weight_decay : 1e-06

training loss : 0.0014886819990351796
validation loss : 3303.931640625

===========================================================
experiment 63
params

n_hidden : 8
n_layers : 3
batch_size : 32
num_epochs : 5
learning_rate : 0.001
weight_decay : 1e-05

training loss : 0.0011644924525171518
validation loss : 2916.41796875

===========================================================
experiment 64
params

n_hidden : 8
n_layers : 3
batch_size : 32
num_epochs : 5
learning_rate : 0.001
weight_decay : 1e-06

training loss : 0.001396523555740714
validation loss : 4144.50927734375

===========================================================
experiment 65
params

n_hidden : 8
n_layers : 3
batch_size : 32
num_epochs : 10
learning_rate : 0.01
weight_decay : 1e-05

training loss : 0.0015858003171160817
validation loss : 3670.2880859375

===========================================================
experiment 66
params

n_hidden : 8
n_layers : 3
batch_size : 32
num_epochs : 10
learning_rate : 0.01
weight_decay : 1e-06

training loss : 0.001146488357335329
validation loss : 3603.43505859375

===========================================================
experiment 67
params

n_hidden : 8
n_layers : 3
batch_size : 32
num_epochs : 10
learning_rate : 0.001
weight_decay : 1e-05

training loss : 0.0012147485977038741
validation loss : 2794.987548828125

===========================================================
experiment 68
params

n_hidden : 8
n_layers : 3
batch_size : 32
num_epochs : 10
learning_rate : 0.001
weight_decay : 1e-06

training loss : 0.0011499467073008418
validation loss : 2711.531494140625

===========================================================
experiment 69
params

n_hidden : 8
n_layers : 3
batch_size : 32
num_epochs : 15
learning_rate : 0.01
weight_decay : 1e-05

training loss : 0.0011600243160501122
validation loss : 3237.6455078125

===========================================================
experiment 70
params

n_hidden : 8
n_layers : 3
batch_size : 32
num_epochs : 15
learning_rate : 0.01
weight_decay : 1e-06

training loss : 0.0011177846463397145
validation loss : 3697.462646484375

===========================================================
experiment 71
params

n_hidden : 8
n_layers : 3
batch_size : 32
num_epochs : 15
learning_rate : 0.001
weight_decay : 1e-05

training loss : 0.001220695674419403
validation loss : 2692.84228515625

===========================================================
experiment 72
params

n_hidden : 8
n_layers : 3
batch_size : 32
num_epochs : 15
learning_rate : 0.001
weight_decay : 1e-06

training loss : 0.001259894808754325
validation loss : 2697.880615234375

===========================================================
experiment 73
params

n_hidden : 8
n_layers : 4
batch_size : 128
num_epochs : 5
learning_rate : 0.01
weight_decay : 1e-05

training loss : 0.0012882660375908017
validation loss : 3344.4931640625

===========================================================
experiment 74
params

n_hidden : 8
n_layers : 4
batch_size : 128
num_epochs : 5
learning_rate : 0.01
weight_decay : 1e-06

training loss : 0.0011541545391082764
validation loss : 3060.38623046875

===========================================================
experiment 75
params

n_hidden : 8
n_layers : 4
batch_size : 128
num_epochs : 5
learning_rate : 0.001
weight_decay : 1e-05

training loss : 0.004529691766947508
validation loss : 6186.90576171875

===========================================================
experiment 76
params

n_hidden : 8
n_layers : 4
batch_size : 128
num_epochs : 5
learning_rate : 0.001
weight_decay : 1e-06

training loss : 0.0024999110028147697
validation loss : 7344.93017578125

===========================================================
experiment 77
params

n_hidden : 8
n_layers : 4
batch_size : 128
num_epochs : 10
learning_rate : 0.01
weight_decay : 1e-05

training loss : 0.0015406464226543903
validation loss : 3338.6953125

===========================================================
experiment 78
params

n_hidden : 8
n_layers : 4
batch_size : 128
num_epochs : 10
learning_rate : 0.01
weight_decay : 1e-06

training loss : 0.0013258509570732713
validation loss : 3033.984375

===========================================================
experiment 79
params

n_hidden : 8
n_layers : 4
batch_size : 128
num_epochs : 10
learning_rate : 0.001
weight_decay : 1e-05

training loss : 0.0018541195895522833
validation loss : 3892.777587890625

===========================================================
experiment 80
params

n_hidden : 8
n_layers : 4
batch_size : 128
num_epochs : 10
learning_rate : 0.001
weight_decay : 1e-06

training loss : 0.0036790738813579082
validation loss : 5236.08251953125

===========================================================
experiment 81
params

n_hidden : 8
n_layers : 4
batch_size : 128
num_epochs : 15
learning_rate : 0.01
weight_decay : 1e-05

training loss : 0.0013766250340268016
validation loss : 3139.9111328125

===========================================================
experiment 82
params

n_hidden : 8
n_layers : 4
batch_size : 128
num_epochs : 15
learning_rate : 0.01
weight_decay : 1e-06

training loss : 0.0014792855363339186
validation loss : 3054.011962890625

===========================================================
experiment 83
params

n_hidden : 8
n_layers : 4
batch_size : 128
num_epochs : 15
learning_rate : 0.001
weight_decay : 1e-05

training loss : 0.0014287888770923018
validation loss : 3159.621826171875

===========================================================
experiment 84
params

n_hidden : 8
n_layers : 4
batch_size : 128
num_epochs : 15
learning_rate : 0.001
weight_decay : 1e-06

training loss : 0.0027559641748666763
validation loss : 4766.10546875

===========================================================
experiment 85
params

n_hidden : 8
n_layers : 4
batch_size : 64
num_epochs : 5
learning_rate : 0.01
weight_decay : 1e-05

training loss : 0.0019040049519389868
validation loss : 3839.7138671875

===========================================================
experiment 86
params

n_hidden : 8
n_layers : 4
batch_size : 64
num_epochs : 5
learning_rate : 0.01
weight_decay : 1e-06

training loss : 0.0020556789822876453
validation loss : 4110.27392578125

===========================================================
experiment 87
params

n_hidden : 8
n_layers : 4
batch_size : 64
num_epochs : 5
learning_rate : 0.001
weight_decay : 1e-05

training loss : 0.0030107395723462105
validation loss : 4966.48486328125

===========================================================
experiment 88
params

n_hidden : 8
n_layers : 4
batch_size : 64
num_epochs : 5
learning_rate : 0.001
weight_decay : 1e-06

training loss : 0.002875958103686571
validation loss : 5106.42724609375

===========================================================
experiment 89
params

n_hidden : 8
n_layers : 4
batch_size : 64
num_epochs : 10
learning_rate : 0.01
weight_decay : 1e-05

training loss : 0.0012366720475256443
validation loss : 2814.23095703125

===========================================================
experiment 90
params

n_hidden : 8
n_layers : 4
batch_size : 64
num_epochs : 10
learning_rate : 0.01
weight_decay : 1e-06

training loss : 0.0015948681393638253
validation loss : 3539.329345703125

===========================================================
experiment 91
params

n_hidden : 8
n_layers : 4
batch_size : 64
num_epochs : 10
learning_rate : 0.001
weight_decay : 1e-05

training loss : 0.0014714897843077779
validation loss : 3212.09619140625

===========================================================
experiment 92
params

n_hidden : 8
n_layers : 4
batch_size : 64
num_epochs : 10
learning_rate : 0.001
weight_decay : 1e-06

training loss : 0.0015758544905111194
validation loss : 3497.29541015625

===========================================================
experiment 93
params

n_hidden : 8
n_layers : 4
batch_size : 64
num_epochs : 15
learning_rate : 0.01
weight_decay : 1e-05

training loss : 0.003628777340054512
validation loss : 7325.583984375

===========================================================
experiment 94
params

n_hidden : 8
n_layers : 4
batch_size : 64
num_epochs : 15
learning_rate : 0.01
weight_decay : 1e-06

training loss : 0.0016530961729586124
validation loss : 3438.95458984375

===========================================================
experiment 95
params

n_hidden : 8
n_layers : 4
batch_size : 64
num_epochs : 15
learning_rate : 0.001
weight_decay : 1e-05

training loss : 0.0013098192866891623
validation loss : 3231.593017578125

===========================================================
experiment 96
params

n_hidden : 8
n_layers : 4
batch_size : 64
num_epochs : 15
learning_rate : 0.001
weight_decay : 1e-06

training loss : 0.0012894505634903908
validation loss : 3186.18798828125

===========================================================
experiment 97
params

n_hidden : 8
n_layers : 4
batch_size : 32
num_epochs : 5
learning_rate : 0.01
weight_decay : 1e-05

training loss : 0.002243590308353305
validation loss : 3461.515869140625

===========================================================
experiment 98
params

n_hidden : 8
n_layers : 4
batch_size : 32
num_epochs : 5
learning_rate : 0.01
weight_decay : 1e-06

training loss : 0.0029541084077209234
validation loss : 6958.18603515625

===========================================================
experiment 99
params

n_hidden : 8
n_layers : 4
batch_size : 32
num_epochs : 5
learning_rate : 0.001
weight_decay : 1e-05

training loss : 0.001742339925840497
validation loss : 4742.3994140625

===========================================================
experiment 100
params

n_hidden : 8
n_layers : 4
batch_size : 32
num_epochs : 5
learning_rate : 0.001
weight_decay : 1e-06

training loss : 0.0012525832280516624
validation loss : 3439.113037109375

===========================================================
experiment 101
params

n_hidden : 8
n_layers : 4
batch_size : 32
num_epochs : 10
learning_rate : 0.01
weight_decay : 1e-05

training loss : 0.036057036370038986
validation loss : 90139.0234375

===========================================================
experiment 102
params

n_hidden : 8
n_layers : 4
batch_size : 32
num_epochs : 10
learning_rate : 0.01
weight_decay : 1e-06

training loss : 0.0023373018484562635
validation loss : 4653.58642578125

===========================================================
experiment 103
params

n_hidden : 8
n_layers : 4
batch_size : 32
num_epochs : 10
learning_rate : 0.001
weight_decay : 1e-05

training loss : 0.0022252469789236784
validation loss : 3042.77978515625

===========================================================
experiment 104
params

n_hidden : 8
n_layers : 4
batch_size : 32
num_epochs : 10
learning_rate : 0.001
weight_decay : 1e-06

training loss : 0.0014225880149751902
validation loss : 2897.5341796875

===========================================================
experiment 105
params

n_hidden : 8
n_layers : 4
batch_size : 32
num_epochs : 15
learning_rate : 0.01
weight_decay : 1e-05

training loss : 0.035793501883745193
validation loss : 89899.9921875

===========================================================
experiment 106
params

n_hidden : 8
n_layers : 4
batch_size : 32
num_epochs : 15
learning_rate : 0.01
weight_decay : 1e-06

training loss : 0.03906404227018356
validation loss : 93120.671875

===========================================================
experiment 107
params

n_hidden : 8
n_layers : 4
batch_size : 32
num_epochs : 15
learning_rate : 0.001
weight_decay : 1e-05

training loss : 0.0017523706192150712
validation loss : 3451.135986328125

===========================================================
experiment 108
params

n_hidden : 8
n_layers : 4
batch_size : 32
num_epochs : 15
learning_rate : 0.001
weight_decay : 1e-06

training loss : 0.0014090619515627623
validation loss : 3247.5966796875

===========================================================
experiment 109
params

n_hidden : 8
n_layers : 5
batch_size : 128
num_epochs : 5
learning_rate : 0.01
weight_decay : 1e-05

training loss : 0.0022131900768727064
validation loss : 10604.8798828125

===========================================================
experiment 110
params

n_hidden : 8
n_layers : 5
batch_size : 128
num_epochs : 5
learning_rate : 0.01
weight_decay : 1e-06

training loss : 0.004392055794596672
validation loss : 6852.50048828125

===========================================================
experiment 111
params

n_hidden : 8
n_layers : 5
batch_size : 128
num_epochs : 5
learning_rate : 0.001
weight_decay : 1e-05

training loss : 0.02024218626320362
validation loss : 57964.85546875

===========================================================
experiment 112
params

n_hidden : 8
n_layers : 5
batch_size : 128
num_epochs : 5
learning_rate : 0.001
weight_decay : 1e-06

training loss : 0.008447994478046894
validation loss : 17968.853515625

===========================================================
experiment 113
params

n_hidden : 8
n_layers : 5
batch_size : 128
num_epochs : 10
learning_rate : 0.01
weight_decay : 1e-05

training loss : 0.002044608350843191
validation loss : 3614.116455078125

===========================================================
experiment 114
params

n_hidden : 8
n_layers : 5
batch_size : 128
num_epochs : 10
learning_rate : 0.01
weight_decay : 1e-06

training loss : 0.0015672650188207626
validation loss : 3603.247314453125

===========================================================
experiment 115
params

n_hidden : 8
n_layers : 5
batch_size : 128
num_epochs : 10
learning_rate : 0.001
weight_decay : 1e-05

training loss : 0.006025775335729122
validation loss : 7455.5810546875

===========================================================
experiment 116
params

n_hidden : 8
n_layers : 5
batch_size : 128
num_epochs : 10
learning_rate : 0.001
weight_decay : 1e-06

training loss : 0.003910453990101814
validation loss : 5839.3818359375

===========================================================
experiment 117
params

n_hidden : 8
n_layers : 5
batch_size : 128
num_epochs : 15
learning_rate : 0.01
weight_decay : 1e-05

training loss : 0.001356080756522715
validation loss : 4116.115234375

===========================================================
experiment 118
params

n_hidden : 8
n_layers : 5
batch_size : 128
num_epochs : 15
learning_rate : 0.01
weight_decay : 1e-06

training loss : 0.00194000662304461
validation loss : 3157.837890625

===========================================================
experiment 119
params

n_hidden : 8
n_layers : 5
batch_size : 128
num_epochs : 15
learning_rate : 0.001
weight_decay : 1e-05

training loss : 0.00348211289383471
validation loss : 5724.27587890625

===========================================================
experiment 120
params

n_hidden : 8
n_layers : 5
batch_size : 128
num_epochs : 15
learning_rate : 0.001
weight_decay : 1e-06

training loss : 0.008166576735675335
validation loss : 9758.1298828125

===========================================================
experiment 121
params

n_hidden : 8
n_layers : 5
batch_size : 64
num_epochs : 5
learning_rate : 0.01
weight_decay : 1e-05

training loss : 0.00315669784322381
validation loss : 7931.22216796875

===========================================================
experiment 122
params

n_hidden : 8
n_layers : 5
batch_size : 64
num_epochs : 5
learning_rate : 0.01
weight_decay : 1e-06

training loss : 0.0029244478791952133
validation loss : 4535.01025390625

===========================================================
experiment 123
params

n_hidden : 8
n_layers : 5
batch_size : 64
num_epochs : 5
learning_rate : 0.001
weight_decay : 1e-05

training loss : 0.004971162881702185
validation loss : 7874.54150390625

===========================================================
experiment 124
params

n_hidden : 8
n_layers : 5
batch_size : 64
num_epochs : 5
learning_rate : 0.001
weight_decay : 1e-06

training loss : 0.0034989791456609964
validation loss : 6058.0693359375

===========================================================
experiment 125
params

n_hidden : 8
n_layers : 5
batch_size : 64
num_epochs : 10
learning_rate : 0.01
weight_decay : 1e-05

training loss : 0.0021691974252462387
validation loss : 9005.84375

===========================================================
experiment 126
params

n_hidden : 8
n_layers : 5
batch_size : 64
num_epochs : 10
learning_rate : 0.01
weight_decay : 1e-06

training loss : 0.0019167406717315316
validation loss : 4214.5859375

===========================================================
experiment 127
params

n_hidden : 8
n_layers : 5
batch_size : 64
num_epochs : 10
learning_rate : 0.001
weight_decay : 1e-05

training loss : 0.003611467545852065
validation loss : 5596.65673828125

===========================================================
experiment 128
params

n_hidden : 8
n_layers : 5
batch_size : 64
num_epochs : 10
learning_rate : 0.001
weight_decay : 1e-06

training loss : 0.00388612924143672
validation loss : 6103.71337890625

===========================================================
experiment 129
params

n_hidden : 8
n_layers : 5
batch_size : 64
num_epochs : 15
learning_rate : 0.01
weight_decay : 1e-05

training loss : 0.0033972791861742735
validation loss : 14412.1611328125

===========================================================
experiment 130
params

n_hidden : 8
n_layers : 5
batch_size : 64
num_epochs : 15
learning_rate : 0.01
weight_decay : 1e-06

training loss : 0.022678043693304062
validation loss : 52551.921875

===========================================================
experiment 131
params

n_hidden : 8
n_layers : 5
batch_size : 64
num_epochs : 15
learning_rate : 0.001
weight_decay : 1e-05

training loss : 0.002597580663859844
validation loss : 5740.48291015625

===========================================================
experiment 132
params

n_hidden : 8
n_layers : 5
batch_size : 64
num_epochs : 15
learning_rate : 0.001
weight_decay : 1e-06

training loss : 0.0049439119175076485
validation loss : 7235.92041015625

===========================================================
experiment 133
params

n_hidden : 8
n_layers : 5
batch_size : 32
num_epochs : 5
learning_rate : 0.01
weight_decay : 1e-05

training loss : 0.040766388177871704
validation loss : 105096.4453125

===========================================================
experiment 134
params

n_hidden : 8
n_layers : 5
batch_size : 32
num_epochs : 5
learning_rate : 0.01
weight_decay : 1e-06

training loss : 0.0020296741276979446
validation loss : 4036.940673828125

===========================================================
experiment 135
params

n_hidden : 8
n_layers : 5
batch_size : 32
num_epochs : 5
learning_rate : 0.001
weight_decay : 1e-05

training loss : 0.004983726888895035
validation loss : 8737.697265625

===========================================================
experiment 136
params

n_hidden : 8
n_layers : 5
batch_size : 32
num_epochs : 5
learning_rate : 0.001
weight_decay : 1e-06

training loss : 0.0018260192591696978
validation loss : 4028.64013671875

===========================================================
experiment 137
params

n_hidden : 8
n_layers : 5
batch_size : 32
num_epochs : 10
learning_rate : 0.01
weight_decay : 1e-05

training loss : 0.03939508646726608
validation loss : 93144.96875

===========================================================
experiment 138
params

n_hidden : 8
n_layers : 5
batch_size : 32
num_epochs : 10
learning_rate : 0.01
weight_decay : 1e-06

training loss : 0.041000183671712875
validation loss : 95763.96875

===========================================================
experiment 139
params

n_hidden : 8
n_layers : 5
batch_size : 32
num_epochs : 10
learning_rate : 0.001
weight_decay : 1e-05

training loss : 0.004447164945304394
validation loss : 7637.96142578125

===========================================================
experiment 140
params

n_hidden : 8
n_layers : 5
batch_size : 32
num_epochs : 10
learning_rate : 0.001
weight_decay : 1e-06

training loss : 0.002001676708459854
validation loss : 5100.31103515625

===========================================================
experiment 141
params

n_hidden : 8
n_layers : 5
batch_size : 32
num_epochs : 15
learning_rate : 0.01
weight_decay : 1e-05

training loss : 0.0033274695742875338
validation loss : 4805.5947265625

===========================================================
experiment 142
params

n_hidden : 8
n_layers : 5
batch_size : 32
num_epochs : 15
learning_rate : 0.01
weight_decay : 1e-06

training loss : 0.004555271007120609
validation loss : 15843.310546875

===========================================================
experiment 143
params

n_hidden : 8
n_layers : 5
batch_size : 32
num_epochs : 15
learning_rate : 0.001
weight_decay : 1e-05

training loss : 0.001732108648866415
validation loss : 4184.37939453125

===========================================================
experiment 144
params

n_hidden : 8
n_layers : 5
batch_size : 32
num_epochs : 15
learning_rate : 0.001
weight_decay : 1e-06

training loss : 0.0018688105046749115
validation loss : 5710.79150390625

===========================================================
experiment 145
params

n_hidden : 16
n_layers : 2
batch_size : 128
num_epochs : 5
learning_rate : 0.01
weight_decay : 1e-05

training loss : 0.001168066170066595
validation loss : 2954.325439453125

===========================================================
experiment 146
params

n_hidden : 16
n_layers : 2
batch_size : 128
num_epochs : 5
learning_rate : 0.01
weight_decay : 1e-06

training loss : 0.0011952214408665895
validation loss : 2946.245361328125

===========================================================
experiment 147
params

n_hidden : 16
n_layers : 2
batch_size : 128
num_epochs : 5
learning_rate : 0.001
weight_decay : 1e-05

training loss : 0.0014064050046727061
validation loss : 3150.08935546875

===========================================================
experiment 148
params

n_hidden : 16
n_layers : 2
batch_size : 128
num_epochs : 5
learning_rate : 0.001
weight_decay : 1e-06

training loss : 0.0012290839804336429
validation loss : 3208.712646484375

===========================================================
experiment 149
params

n_hidden : 16
n_layers : 2
batch_size : 128
num_epochs : 10
learning_rate : 0.01
weight_decay : 1e-05

training loss : 0.0011669826926663518
validation loss : 2917.924560546875

===========================================================
experiment 150
params

n_hidden : 16
n_layers : 2
batch_size : 128
num_epochs : 10
learning_rate : 0.01
weight_decay : 1e-06

training loss : 0.0011565035674721003
validation loss : 2777.804443359375

===========================================================
experiment 151
params

n_hidden : 16
n_layers : 2
batch_size : 128
num_epochs : 10
learning_rate : 0.001
weight_decay : 1e-05

training loss : 0.0010943105444312096
validation loss : 2851.373046875

===========================================================
experiment 152
params

n_hidden : 16
n_layers : 2
batch_size : 128
num_epochs : 10
learning_rate : 0.001
weight_decay : 1e-06

training loss : 0.0011485768482089043
validation loss : 3007.345703125

===========================================================
experiment 153
params

n_hidden : 16
n_layers : 2
batch_size : 128
num_epochs : 15
learning_rate : 0.01
weight_decay : 1e-05

training loss : 0.001225747517310083
validation loss : 2861.933349609375

===========================================================
experiment 154
params

n_hidden : 16
n_layers : 2
batch_size : 128
num_epochs : 15
learning_rate : 0.01
weight_decay : 1e-06

training loss : 0.0011527234455570579
validation loss : 2755.240234375

===========================================================
experiment 155
params

n_hidden : 16
n_layers : 2
batch_size : 128
num_epochs : 15
learning_rate : 0.001
weight_decay : 1e-05

training loss : 0.001273464527912438
validation loss : 2867.843017578125

===========================================================
experiment 156
params

n_hidden : 16
n_layers : 2
batch_size : 128
num_epochs : 15
learning_rate : 0.001
weight_decay : 1e-06

training loss : 0.0011371285654604435
validation loss : 2786.58251953125

===========================================================
experiment 157
params

n_hidden : 16
n_layers : 2
batch_size : 64
num_epochs : 5
learning_rate : 0.01
weight_decay : 1e-05

training loss : 0.0012035244144499302
validation loss : 2808.192138671875

===========================================================
experiment 158
params

n_hidden : 16
n_layers : 2
batch_size : 64
num_epochs : 5
learning_rate : 0.01
weight_decay : 1e-06

training loss : 0.001242786180227995
validation loss : 2815.6083984375

===========================================================
experiment 159
params

n_hidden : 16
n_layers : 2
batch_size : 64
num_epochs : 5
learning_rate : 0.001
weight_decay : 1e-05

training loss : 0.0011499482207000256
validation loss : 2934.54150390625

===========================================================
experiment 160
params

n_hidden : 16
n_layers : 2
batch_size : 64
num_epochs : 5
learning_rate : 0.001
weight_decay : 1e-06

training loss : 0.0011541787534952164
validation loss : 2859.349853515625

===========================================================
experiment 161
params

n_hidden : 16
n_layers : 2
batch_size : 64
num_epochs : 10
learning_rate : 0.01
weight_decay : 1e-05

training loss : 0.0012513811234384775
validation loss : 2736.427490234375

===========================================================
experiment 162
params

n_hidden : 16
n_layers : 2
batch_size : 64
num_epochs : 10
learning_rate : 0.01
weight_decay : 1e-06

training loss : 0.0012997409794479609
validation loss : 2806.80615234375

===========================================================
experiment 163
params

n_hidden : 16
n_layers : 2
batch_size : 64
num_epochs : 10
learning_rate : 0.001
weight_decay : 1e-05

training loss : 0.0011264337226748466
validation loss : 2802.178466796875

===========================================================
experiment 164
params

n_hidden : 16
n_layers : 2
batch_size : 64
num_epochs : 10
learning_rate : 0.001
weight_decay : 1e-06

training loss : 0.0012102079344913363
validation loss : 2790.39892578125

===========================================================
experiment 165
params

n_hidden : 16
n_layers : 2
batch_size : 64
num_epochs : 15
learning_rate : 0.01
weight_decay : 1e-05

training loss : 0.0012169650290161371
validation loss : 2755.56982421875

===========================================================
experiment 166
params

n_hidden : 16
n_layers : 2
batch_size : 64
num_epochs : 15
learning_rate : 0.01
weight_decay : 1e-06

training loss : 0.0012782540870830417
validation loss : 2716.79150390625

===========================================================
experiment 167
params

n_hidden : 16
n_layers : 2
batch_size : 64
num_epochs : 15
learning_rate : 0.001
weight_decay : 1e-05

training loss : 0.0011618072167038918
validation loss : 2749.890625

===========================================================
experiment 168
params

n_hidden : 16
n_layers : 2
batch_size : 64
num_epochs : 15
learning_rate : 0.001
weight_decay : 1e-06

training loss : 0.0011833258904516697
validation loss : 2713.708251953125

===========================================================
experiment 169
params

n_hidden : 16
n_layers : 2
batch_size : 32
num_epochs : 5
learning_rate : 0.01
weight_decay : 1e-05

training loss : 0.002214769134297967
validation loss : 2993.349365234375

===========================================================
experiment 170
params

n_hidden : 16
n_layers : 2
batch_size : 32
num_epochs : 5
learning_rate : 0.01
weight_decay : 1e-06

training loss : 0.0013069609412923455
validation loss : 3043.6904296875

===========================================================
experiment 171
params

n_hidden : 16
n_layers : 2
batch_size : 32
num_epochs : 5
learning_rate : 0.001
weight_decay : 1e-05

training loss : 0.001112226746045053
validation loss : 2702.687255859375

===========================================================
experiment 172
params

n_hidden : 16
n_layers : 2
batch_size : 32
num_epochs : 5
learning_rate : 0.001
weight_decay : 1e-06

training loss : 0.0011966177262365818
validation loss : 2920.891845703125

===========================================================
experiment 173
params

n_hidden : 16
n_layers : 2
batch_size : 32
num_epochs : 10
learning_rate : 0.01
weight_decay : 1e-05

training loss : 0.0019385955529287457
validation loss : 3279.67626953125

===========================================================
experiment 174
params

n_hidden : 16
n_layers : 2
batch_size : 32
num_epochs : 10
learning_rate : 0.01
weight_decay : 1e-06

training loss : 0.0011742602800950408
validation loss : 3703.6142578125

===========================================================
experiment 175
params

n_hidden : 16
n_layers : 2
batch_size : 32
num_epochs : 10
learning_rate : 0.001
weight_decay : 1e-05

training loss : 0.001184132881462574
validation loss : 2675.3798828125

===========================================================
experiment 176
params

n_hidden : 16
n_layers : 2
batch_size : 32
num_epochs : 10
learning_rate : 0.001
weight_decay : 1e-06

training loss : 0.0012421871069818735
validation loss : 2659.56103515625

===========================================================
experiment 177
params

n_hidden : 16
n_layers : 2
batch_size : 32
num_epochs : 15
learning_rate : 0.01
weight_decay : 1e-05

training loss : 0.0018552241381257772
validation loss : 3262.861083984375

===========================================================
experiment 178
params

n_hidden : 16
n_layers : 2
batch_size : 32
num_epochs : 15
learning_rate : 0.01
weight_decay : 1e-06

training loss : 0.0031275253277271986
validation loss : 4932.875

===========================================================
experiment 179
params

n_hidden : 16
n_layers : 2
batch_size : 32
num_epochs : 15
learning_rate : 0.001
weight_decay : 1e-05

training loss : 0.0013433475978672504
validation loss : 2692.462890625

===========================================================
experiment 180
params

n_hidden : 16
n_layers : 2
batch_size : 32
num_epochs : 15
learning_rate : 0.001
weight_decay : 1e-06

training loss : 0.0014293546555563807
validation loss : 2826.705810546875

===========================================================
experiment 181
params

n_hidden : 16
n_layers : 3
batch_size : 128
num_epochs : 5
learning_rate : 0.01
weight_decay : 1e-05

training loss : 0.0011632954701781273
validation loss : 2868.966064453125

===========================================================
experiment 182
params

n_hidden : 16
n_layers : 3
batch_size : 128
num_epochs : 5
learning_rate : 0.01
weight_decay : 1e-06

training loss : 0.0011953671928495169
validation loss : 2881.427490234375

===========================================================
experiment 183
params

n_hidden : 16
n_layers : 3
batch_size : 128
num_epochs : 5
learning_rate : 0.001
weight_decay : 1e-05

training loss : 0.0016270065680146217
validation loss : 3529.785400390625

===========================================================
experiment 184
params

n_hidden : 16
n_layers : 3
batch_size : 128
num_epochs : 5
learning_rate : 0.001
weight_decay : 1e-06

training loss : 0.0014858461217954755
validation loss : 3040.7705078125

===========================================================
experiment 185
params

n_hidden : 16
n_layers : 3
batch_size : 128
num_epochs : 10
learning_rate : 0.01
weight_decay : 1e-05

training loss : 0.0011725911172106862
validation loss : 2827.828125

===========================================================
experiment 186
params

n_hidden : 16
n_layers : 3
batch_size : 128
num_epochs : 10
learning_rate : 0.01
weight_decay : 1e-06

training loss : 0.0012980231549590826
validation loss : 2887.988037109375

===========================================================
experiment 187
params

n_hidden : 16
n_layers : 3
batch_size : 128
num_epochs : 10
learning_rate : 0.001
weight_decay : 1e-05

training loss : 0.0011580993887037039
validation loss : 2892.169189453125

===========================================================
experiment 188
params

n_hidden : 16
n_layers : 3
batch_size : 128
num_epochs : 10
learning_rate : 0.001
weight_decay : 1e-06

training loss : 0.0011540389386937022
validation loss : 2839.226806640625

===========================================================
experiment 189
params

n_hidden : 16
n_layers : 3
batch_size : 128
num_epochs : 15
learning_rate : 0.01
weight_decay : 1e-05

training loss : 0.001213770010508597
validation loss : 2780.0361328125

===========================================================
experiment 190
params

n_hidden : 16
n_layers : 3
batch_size : 128
num_epochs : 15
learning_rate : 0.01
weight_decay : 1e-06

training loss : 0.001303238095715642
validation loss : 2929.27001953125

===========================================================
experiment 191
params

n_hidden : 16
n_layers : 3
batch_size : 128
num_epochs : 15
learning_rate : 0.001
weight_decay : 1e-05

training loss : 0.0011939501855522394
validation loss : 2758.8759765625

===========================================================
experiment 192
params

n_hidden : 16
n_layers : 3
batch_size : 128
num_epochs : 15
learning_rate : 0.001
weight_decay : 1e-06

training loss : 0.0011528689647093415
validation loss : 2782.06201171875

===========================================================
experiment 193
params

n_hidden : 16
n_layers : 3
batch_size : 64
num_epochs : 5
learning_rate : 0.01
weight_decay : 1e-05

training loss : 0.0012764092534780502
validation loss : 2788.276123046875

===========================================================
experiment 194
params

n_hidden : 16
n_layers : 3
batch_size : 64
num_epochs : 5
learning_rate : 0.01
weight_decay : 1e-06

training loss : 0.001372445491142571
validation loss : 2962.154052734375

===========================================================
experiment 195
params

n_hidden : 16
n_layers : 3
batch_size : 64
num_epochs : 5
learning_rate : 0.001
weight_decay : 1e-05

training loss : 0.0016464781947433949
validation loss : 3546.91357421875

===========================================================
experiment 196
params

n_hidden : 16
n_layers : 3
batch_size : 64
num_epochs : 5
learning_rate : 0.001
weight_decay : 1e-06

training loss : 0.0011446087155491114
validation loss : 3051.781494140625

===========================================================
experiment 197
params

n_hidden : 16
n_layers : 3
batch_size : 64
num_epochs : 10
learning_rate : 0.01
weight_decay : 1e-05

training loss : 0.001324856304563582
validation loss : 2869.075927734375

===========================================================
experiment 198
params

n_hidden : 16
n_layers : 3
batch_size : 64
num_epochs : 10
learning_rate : 0.01
weight_decay : 1e-06

training loss : 0.00127628562040627
validation loss : 3070.873046875

===========================================================
experiment 199
params

n_hidden : 16
n_layers : 3
batch_size : 64
num_epochs : 10
learning_rate : 0.001
weight_decay : 1e-05

training loss : 0.0011714182328432798
validation loss : 2801.165283203125

===========================================================
experiment 200
params

n_hidden : 16
n_layers : 3
batch_size : 64
num_epochs : 10
learning_rate : 0.001
weight_decay : 1e-06

training loss : 0.0013181042158976197
validation loss : 2916.4130859375

===========================================================
experiment 201
params

n_hidden : 16
n_layers : 3
batch_size : 64
num_epochs : 15
learning_rate : 0.01
weight_decay : 1e-05

training loss : 0.0013542103115469217
validation loss : 2909.777099609375

===========================================================
experiment 202
params

n_hidden : 16
n_layers : 3
batch_size : 64
num_epochs : 15
learning_rate : 0.01
weight_decay : 1e-06

training loss : 0.0016387979267165065
validation loss : 2997.147705078125

===========================================================
experiment 203
params

n_hidden : 16
n_layers : 3
batch_size : 64
num_epochs : 15
learning_rate : 0.001
weight_decay : 1e-05

training loss : 0.0012479389552026987
validation loss : 2915.66796875

===========================================================
experiment 204
params

n_hidden : 16
n_layers : 3
batch_size : 64
num_epochs : 15
learning_rate : 0.001
weight_decay : 1e-06

training loss : 0.001147060887888074
validation loss : 2697.05126953125

===========================================================
experiment 205
params

n_hidden : 16
n_layers : 3
batch_size : 32
num_epochs : 5
learning_rate : 0.01
weight_decay : 1e-05

training loss : 0.0014041386311873794
validation loss : 3251.3623046875

===========================================================
experiment 206
params

n_hidden : 16
n_layers : 3
batch_size : 32
num_epochs : 5
learning_rate : 0.01
weight_decay : 1e-06

training loss : 0.002745525911450386
validation loss : 3179.62841796875

===========================================================
experiment 207
params

n_hidden : 16
n_layers : 3
batch_size : 32
num_epochs : 5
learning_rate : 0.001
weight_decay : 1e-05

training loss : 0.001199341262690723
validation loss : 3029.4638671875

===========================================================
experiment 208
params

n_hidden : 16
n_layers : 3
batch_size : 32
num_epochs : 5
learning_rate : 0.001
weight_decay : 1e-06

training loss : 0.0015637491596862674
validation loss : 3215.482666015625

===========================================================
experiment 209
params

n_hidden : 16
n_layers : 3
batch_size : 32
num_epochs : 10
learning_rate : 0.01
weight_decay : 1e-05

training loss : 0.0022448902018368244
validation loss : 3086.86474609375

===========================================================
experiment 210
params

n_hidden : 16
n_layers : 3
batch_size : 32
num_epochs : 10
learning_rate : 0.01
weight_decay : 1e-06

training loss : 0.003289630636572838
validation loss : 6053.21435546875

