n_layers : 3
	n_hidden : 16
		batch_size : 128
			num_epochs : 5
				learning_rate : 0.01
				weight_decay : 1e-05
					training loss : 0.0032949266023933887
					validation loss : 20420.835371726163

				weight_decay : 1e-06
					training loss : 0.0016010029939934611
					validation loss : 7905.169218615245

				learning_rate : 0.001
				weight_decay : 1e-05
					training loss : 0.0022809761576354504
					validation loss : 9779.587787394386

				weight_decay : 1e-06
					training loss : 0.0022016556467860937
					validation loss : 11310.040204427867

			num_epochs : 10
				learning_rate : 0.01
				weight_decay : 1e-05
					training loss : 0.0017380155622959137
					validation loss : 7496.295529302679

				weight_decay : 1e-06
					training loss : 0.0014702685875818133
					validation loss : 6822.193769328832

				learning_rate : 0.001
				weight_decay : 1e-05
					training loss : 0.0017955470830202103
					validation loss : 8514.238582873493

				weight_decay : 1e-06
					training loss : 0.001968863420188427
					validation loss : 9651.703072504095

			num_epochs : 15
				learning_rate : 0.01
				weight_decay : 1e-05
					training loss : 0.0014852543827146292
					validation loss : 6172.909998694097

				weight_decay : 1e-06
					training loss : 0.0014645042829215527
					validation loss : 6672.0110313051155

				learning_rate : 0.001
				weight_decay : 1e-05
					training loss : 0.0017757294699549675
					validation loss : 7897.204162809074

				weight_decay : 1e-06
					training loss : 0.0019089177949354053
					validation loss : 9230.555833105425

			num_epochs : 20
				learning_rate : 0.01
				weight_decay : 1e-05
					training loss : 0.0016518867341801524
					validation loss : 6385.894453103688

				weight_decay : 1e-06
					training loss : 0.001434484263882041
					validation loss : 6586.480217140435

				learning_rate : 0.001
				weight_decay : 1e-05
					training loss : 0.0017274084966629744
					validation loss : 8664.798895572152

				weight_decay : 1e-06
					training loss : 0.00155660230666399
					validation loss : 7246.843290187931

		batch_size : 256
			num_epochs : 5
				learning_rate : 0.01
				weight_decay : 1e-05
					training loss : 0.001324862940236926
					validation loss : 8985.35269827989

				weight_decay : 1e-06
					training loss : 0.0014821648364886642
					validation loss : 9528.591601390854

				learning_rate : 0.001
				weight_decay : 1e-05
					training loss : 0.002392498077824712
					validation loss : 14385.512444339047

				weight_decay : 1e-06
					training loss : 0.001633205683901906
					validation loss : 9929.427078942215

			num_epochs : 10
				learning_rate : 0.01
				weight_decay : 1e-05
					training loss : 0.0011954656802117825
					validation loss : 7399.776331099232

				weight_decay : 1e-06
					training loss : 0.0011362028308212757
					validation loss : 7714.796777159109

				learning_rate : 0.001
				weight_decay : 1e-05
					training loss : 0.0017288097878918052
					validation loss : 11346.246896041883

				weight_decay : 1e-06
					training loss : 0.001291363500058651
					validation loss : 8313.768932779516

			num_epochs : 15
				learning_rate : 0.01
				weight_decay : 1e-05
					training loss : 0.0010274483356624842
					validation loss : 7268.413220402503

				weight_decay : 1e-06
					training loss : 0.00086343998555094
					validation loss : 6965.734874316122

				learning_rate : 0.001
				weight_decay : 1e-05
					training loss : 0.0017022574320435524
					validation loss : 10275.936429358808

				weight_decay : 1e-06
					training loss : 0.0016567017883062363
					validation loss : 10130.546047148917

			num_epochs : 20
				learning_rate : 0.01
				weight_decay : 1e-05
					training loss : 0.0008884230628609657
					validation loss : 6369.54996886634

				weight_decay : 1e-06
					training loss : 0.0009055952541530132
					validation loss : 7283.723436375371

				learning_rate : 0.001
				weight_decay : 1e-05
					training loss : 0.001263502868823707
					validation loss : 8035.65276159084

				weight_decay : 1e-06
					training loss : 0.0015054087853059173
					validation loss : 9643.578448626415

		batch_size : 512
			num_epochs : 5
				learning_rate : 0.01
				weight_decay : 1e-05
					training loss : 0.001103707356378436
					validation loss : 9279.752141284462

				weight_decay : 1e-06
					training loss : 0.001080843503586948
					validation loss : 8450.922880833536

				learning_rate : 0.001
				weight_decay : 1e-05
					training loss : 0.0017956946976482868
					validation loss : 14432.010607903598

				weight_decay : 1e-06
					training loss : 0.0019441148033365607
					validation loss : 15699.357577237126

			num_epochs : 10
				learning_rate : 0.01
				weight_decay : 1e-05
					training loss : 0.001029287581332028
					validation loss : 8657.627345958499

				weight_decay : 1e-06
					training loss : 0.0009684028336778283
					validation loss : 8060.923968599494

				learning_rate : 0.001
				weight_decay : 1e-05
					training loss : 0.0018609995022416115
					validation loss : 13854.101023315829

				weight_decay : 1e-06
					training loss : 0.0012043528258800507
					validation loss : 10470.704620315784

			num_epochs : 15
				learning_rate : 0.01
				weight_decay : 1e-05
					training loss : 0.0007751272059977055
					validation loss : 7738.147505243607

				weight_decay : 1e-06
					training loss : 0.000815303239505738
					validation loss : 7584.521567686445

				learning_rate : 0.001
				weight_decay : 1e-05
					training loss : 0.0015250140568241477
					validation loss : 12339.084183015762

				weight_decay : 1e-06
					training loss : 0.0015953871188685298
					validation loss : 12237.700036579019

			num_epochs : 20
				learning_rate : 0.01
				weight_decay : 1e-05
					training loss : 0.0007827334338799119
					validation loss : 7644.531248347952

				weight_decay : 1e-06
					training loss : 0.0008326239767484367
					validation loss : 7751.292970163088

				learning_rate : 0.001
				weight_decay : 1e-05
					training loss : 0.0011904999846592546
					validation loss : 9860.320701219669

				weight_decay : 1e-06
					training loss : 0.0012855066452175379
					validation loss : 10708.37014363245

	n_hidden : 32
		batch_size : 128
			num_epochs : 5
				learning_rate : 0.01
				weight_decay : 1e-05
					training loss : 0.0020075186621397734
					validation loss : 8491.717714100854

				weight_decay : 1e-06
					training loss : 0.001962126698344946
					validation loss : 8815.64215302365

				learning_rate : 0.001
				weight_decay : 1e-05
					training loss : 0.002182156313210726
					validation loss : 9921.037670596732

				weight_decay : 1e-06
					training loss : 0.0020723645575344563
					validation loss : 9523.387938883268

			num_epochs : 10
				learning_rate : 0.01
				weight_decay : 1e-05
					training loss : 0.0017824424430727959
					validation loss : 9879.036520162368

				weight_decay : 1e-06
					training loss : 0.0017241919413208961
					validation loss : 7073.650164570579

				learning_rate : 0.001
				weight_decay : 1e-05
					training loss : 0.0019019914325326681
					validation loss : 8839.627191283478

				weight_decay : 1e-06
					training loss : 0.0018722047097980976
					validation loss : 8439.481798436824

			num_epochs : 15
				learning_rate : 0.01
				weight_decay : 1e-05
					training loss : 0.0016668690368533134
					validation loss : 7968.715335585041

				weight_decay : 1e-06
					training loss : 0.00149217015132308
					validation loss : 7652.708381999059

				learning_rate : 0.001
				weight_decay : 1e-05
					training loss : 0.001551915891468525
					validation loss : 7475.431891499295

				weight_decay : 1e-06
					training loss : 0.001645765034481883
					validation loss : 8047.955037254518

			num_epochs : 20
				learning_rate : 0.01
				weight_decay : 1e-05
					training loss : 0.0013572636526077986
					validation loss : 6961.892074683925

				weight_decay : 1e-06
					training loss : 0.0024905370082706213
					validation loss : 15389.335446090745

				learning_rate : 0.001
				weight_decay : 1e-05
					training loss : 0.0013384962221607566
					validation loss : 7878.181635837957

				weight_decay : 1e-06
					training loss : 0.001588313840329647
					validation loss : 9738.331410092682

		batch_size : 256
			num_epochs : 5
				learning_rate : 0.01
				weight_decay : 1e-05
					training loss : 0.0011790532153099775
					validation loss : 7982.061740644262

				weight_decay : 1e-06
					training loss : 0.001303120399825275
					validation loss : 9329.49825303575

				learning_rate : 0.001
				weight_decay : 1e-05
					training loss : 0.001723256427794695
					validation loss : 10316.94750059757

				weight_decay : 1e-06
					training loss : 0.0014877825742587447
					validation loss : 9294.457748598765

			num_epochs : 10
				learning_rate : 0.01
				weight_decay : 1e-05
					training loss : 0.001184831722639501
					validation loss : 6923.543679104745

				weight_decay : 1e-06
					training loss : 0.0010373577242717147
					validation loss : 7178.376042019039

				learning_rate : 0.001
				weight_decay : 1e-05
					training loss : 0.0015223599039018154
					validation loss : 9472.086740589784

				weight_decay : 1e-06
					training loss : 0.0012834568042308092
					validation loss : 8574.244089727494

			num_epochs : 15
				learning_rate : 0.01
				weight_decay : 1e-05
					training loss : 0.000988898565992713
					validation loss : 7088.822353634336

				weight_decay : 1e-06
					training loss : 0.00098310352768749
					validation loss : 6748.925882959459

				learning_rate : 0.001
				weight_decay : 1e-05
					training loss : 0.001206051092594862
					validation loss : 8748.13440829636

				weight_decay : 1e-06
					training loss : 0.0013487122487276793
					validation loss : 8701.149715706513

			num_epochs : 20
				learning_rate : 0.01
				weight_decay : 1e-05
					training loss : 0.0009414069354534149
					validation loss : 6926.8701504241235

				weight_decay : 1e-06
					training loss : 0.000899995444342494
					validation loss : 6520.804053926071

				learning_rate : 0.001
				weight_decay : 1e-05
					training loss : 0.001103944145143032
					validation loss : 7665.308517313353

				weight_decay : 1e-06
					training loss : 0.001140204956755042
					validation loss : 7615.4908157905875

		batch_size : 512
			num_epochs : 5
				learning_rate : 0.01
				weight_decay : 1e-05
					training loss : 0.0009194808080792427
					validation loss : 8380.25281783106

				weight_decay : 1e-06
					training loss : 0.0009399006958119571
					validation loss : 9094.801759676844

				learning_rate : 0.001
				weight_decay : 1e-05
					training loss : 0.0013989650178700686
					validation loss : 11731.307437635416

				weight_decay : 1e-06
					training loss : 0.001742241671308875
					validation loss : 13556.094950408713

			num_epochs : 10
				learning_rate : 0.01
				weight_decay : 1e-05
					training loss : 0.000875379191711545
					validation loss : 8077.667615691879

				weight_decay : 1e-06
					training loss : 0.001012681983411312
					validation loss : 8182.6657065540285

				learning_rate : 0.001
				weight_decay : 1e-05
					training loss : 0.0010658383835107088
					validation loss : 9547.50768616633

				weight_decay : 1e-06
					training loss : 0.0012163098435848951
					validation loss : 10342.075727328829

			num_epochs : 15
				learning_rate : 0.01
				weight_decay : 1e-05
					training loss : 0.0007744478061795235
					validation loss : 7438.640090107801

				weight_decay : 1e-06
					training loss : 0.0007886923267506063
					validation loss : 8378.554803081417

				learning_rate : 0.001
				weight_decay : 1e-05
					training loss : 0.0009127759258262813
					validation loss : 8831.87546415572

				weight_decay : 1e-06
					training loss : 0.0013669388135895133
					validation loss : 11465.346280969297

			num_epochs : 20
				learning_rate : 0.01
				weight_decay : 1e-05
					training loss : 0.0006923453765921295
					validation loss : 7109.733827709585

				weight_decay : 1e-06
					training loss : 0.000755686080083251
					validation loss : 7342.507325971876

				learning_rate : 0.001
				weight_decay : 1e-05
					training loss : 0.001159893348813057
					validation loss : 9650.46914602519

				weight_decay : 1e-06
					training loss : 0.0009726019925437868
					validation loss : 8815.286142812776

	n_hidden : 64
		batch_size : 128
			num_epochs : 5
				learning_rate : 0.01
				weight_decay : 1e-05
					training loss : 0.002495653461664915
					validation loss : 11450.549538869185

				weight_decay : 1e-06
					training loss : 0.0030436827801167965
					validation loss : 9395.442801486097

				learning_rate : 0.001
				weight_decay : 1e-05
					training loss : 0.0018866274040192366
					validation loss : 8871.35911421031

				weight_decay : 1e-06
					training loss : 0.0018421713029965758
					validation loss : 9575.831058401323

			num_epochs : 10
				learning_rate : 0.01
				weight_decay : 1e-05
					training loss : 0.0022376629058271646
					validation loss : 10373.068183274092

				weight_decay : 1e-06
					training loss : 0.0020822626538574696
					validation loss : 10193.494951088785

				learning_rate : 0.001
				weight_decay : 1e-05
					training loss : 0.001484398264437914
					validation loss : 7746.258329376394

				weight_decay : 1e-06
					training loss : 0.001521341037005186
					validation loss : 7730.186321895318

			num_epochs : 15
				learning_rate : 0.01
				weight_decay : 1e-05
					training loss : 0.001307042664848268
					validation loss : 8793.030873317646

				weight_decay : 1e-06
					training loss : 0.0015553245320916176
					validation loss : 9735.143705251176

				learning_rate : 0.001
				weight_decay : 1e-05
					training loss : 0.0016547804698348045
					validation loss : 6871.332497484971

				weight_decay : 1e-06
					training loss : 0.001457106787711382
					validation loss : 7502.848720569184

			num_epochs : 20
				learning_rate : 0.01
				weight_decay : 1e-05
					training loss : 0.004907513968646526
					validation loss : 26831.744548101386

				weight_decay : 1e-06
					training loss : 0.007194658275693655
					validation loss : 22218.052880005504

				learning_rate : 0.001
				weight_decay : 1e-05
					training loss : 0.001445295289158821
					validation loss : 7038.788140848772

				weight_decay : 1e-06
					training loss : 0.0015185888623818755
					validation loss : 6882.534415625534

		batch_size : 256
			num_epochs : 5
				learning_rate : 0.01
				weight_decay : 1e-05
					training loss : 0.0013340313453227282
					validation loss : 9744.467028355153

				weight_decay : 1e-06
					training loss : 0.0013324536848813295
					validation loss : 9429.4711227896

				learning_rate : 0.001
				weight_decay : 1e-05
					training loss : 0.0014434698969125748
					validation loss : 9530.150967374564

				weight_decay : 1e-06
					training loss : 0.0014861364616081119
					validation loss : 9813.30486125408

			num_epochs : 10
				learning_rate : 0.01
				weight_decay : 1e-05
					training loss : 0.002103412989526987
					validation loss : 9499.681790558587

				weight_decay : 1e-06
					training loss : 0.0012088274816051126
					validation loss : 7574.678208831226

				learning_rate : 0.001
				weight_decay : 1e-05
					training loss : 0.0011963261058554053
					validation loss : 7918.273595764156

				weight_decay : 1e-06
					training loss : 0.001188287977129221
					validation loss : 9526.752311406653

			num_epochs : 15
				learning_rate : 0.01
				weight_decay : 1e-05
					training loss : 0.0013925100211054087
					validation loss : 8468.887041695078

				weight_decay : 1e-06
					training loss : 0.001221449114382267
					validation loss : 8606.074487148957

				learning_rate : 0.001
				weight_decay : 1e-05
					training loss : 0.0012273131869733334
					validation loss : 8158.235460945939

				weight_decay : 1e-06
					training loss : 0.0011552833020687103
					validation loss : 7702.174909640678

			num_epochs : 20
				learning_rate : 0.01
				weight_decay : 1e-05
					training loss : 0.0014099802356213331
					validation loss : 9243.849104070716

				weight_decay : 1e-06
					training loss : 0.0010309452190995216
					validation loss : 7836.19240691881

				learning_rate : 0.001
				weight_decay : 1e-05
					training loss : 0.0010258960537612438
					validation loss : 7432.008924148905

				weight_decay : 1e-06
					training loss : 0.0009584202198311687
					validation loss : 7041.7770724460415

		batch_size : 512
			num_epochs : 5
				learning_rate : 0.01
				weight_decay : 1e-05
					training loss : 0.000970161403529346
					validation loss : 10837.120979648502

				weight_decay : 1e-06
					training loss : 0.0012738918885588646
					validation loss : 16689.974362119025

				learning_rate : 0.001
				weight_decay : 1e-05
					training loss : 0.001001881086267531
					validation loss : 8837.210995150614

				weight_decay : 1e-06
					training loss : 0.0013707447797060013
					validation loss : 11362.559188982408

			num_epochs : 10
				learning_rate : 0.01
				weight_decay : 1e-05
					training loss : 0.0014046095311641693
					validation loss : 10573.900146110995

				weight_decay : 1e-06
					training loss : 0.0010952616576105356
					validation loss : 9282.220745152572

				learning_rate : 0.001
				weight_decay : 1e-05
					training loss : 0.0010086407419294119
					validation loss : 9283.715363749354

				weight_decay : 1e-06
					training loss : 0.0010567465797066689
					validation loss : 9460.639255536487

			num_epochs : 15
				learning_rate : 0.01
				weight_decay : 1e-05
					training loss : 0.0010542281670495868
					validation loss : 8858.144117428463

				weight_decay : 1e-06
					training loss : 0.0009583152714185417
					validation loss : 10362.1897709365

				learning_rate : 0.001
				weight_decay : 1e-05
					training loss : 0.0009440071298740804
					validation loss : 8623.146307474035

				weight_decay : 1e-06
					training loss : 0.000888409442268312
					validation loss : 8580.977129126197

			num_epochs : 20
				learning_rate : 0.01
				weight_decay : 1e-05
					training loss : 0.0008171935332939029
					validation loss : 9263.54737231936

				weight_decay : 1e-06
					training loss : 0.0007582851685583591
					validation loss : 7608.487683399797

				learning_rate : 0.001
				weight_decay : 1e-05
					training loss : 0.0008705811342224479
					validation loss : 8392.262197174945

				weight_decay : 1e-06
					training loss : 0.0010189892491325736
					validation loss : 8351.756740530878

	n_hidden : 128
		batch_size : 128
			num_epochs : 5
				learning_rate : 0.01
				weight_decay : 1e-05
					training loss : 0.00470930989831686
					validation loss : 25547.970553306255

				weight_decay : 1e-06
					training loss : 0.006144716404378414
					validation loss : 28862.547732159444

				learning_rate : 0.001
				weight_decay : 1e-05
					training loss : 0.0018731956370174885
					validation loss : 12251.609037354006

				weight_decay : 1e-06
					training loss : 0.0016782544553279877
					validation loss : 8185.022948027891

			num_epochs : 10
				learning_rate : 0.01
				weight_decay : 1e-05
					training loss : 0.004401369020342827
					validation loss : 27997.7161591443

				weight_decay : 1e-06
					training loss : 0.021618103608489037
					validation loss : 107560.9591920559

				learning_rate : 0.001
				weight_decay : 1e-05
					training loss : 0.0019204921554774046
					validation loss : 7599.666512079385

				weight_decay : 1e-06
					training loss : 0.0015662980731576681
					validation loss : 7589.895832405639

			num_epochs : 15
				learning_rate : 0.01
				weight_decay : 1e-05
					training loss : 0.005474945064634085
					validation loss : 17920.52160363111

				weight_decay : 1e-06
					training loss : 0.00950268842279911
					validation loss : 29907.686164144616

				learning_rate : 0.001
				weight_decay : 1e-05
					training loss : 0.001531705493107438
					validation loss : 7073.448994768602

				weight_decay : 1e-06
					training loss : 0.0014717858284711838
					validation loss : 8363.814214474567

			num_epochs : 20
				learning_rate : 0.01
				weight_decay : 1e-05
					training loss : 0.0027872086502611637
					validation loss : 15629.513572208183

				weight_decay : 1e-06
					training loss : 0.0035711415112018585
					validation loss : 16990.93794111368

				learning_rate : 0.001
				weight_decay : 1e-05
					training loss : 0.0014578712871298194
					validation loss : 8270.2392447148

				weight_decay : 1e-06
					training loss : 0.0015347215812653303
					validation loss : 7023.102749554259

		batch_size : 256
			num_epochs : 5
				learning_rate : 0.01
				weight_decay : 1e-05
					training loss : 0.0030923779122531414
					validation loss : 16723.58865613286

				weight_decay : 1e-06
					training loss : 0.0023395076859742403
					validation loss : 12189.84533739716

				learning_rate : 0.001
				weight_decay : 1e-05
					training loss : 0.0013348956126719713
					validation loss : 8529.381986453538

				weight_decay : 1e-06
					training loss : 0.0012764849234372377
					validation loss : 8378.378744074926

			num_epochs : 10
				learning_rate : 0.01
				weight_decay : 1e-05
					training loss : 0.0022081839852035046
					validation loss : 17057.27477820936

				weight_decay : 1e-06
					training loss : 0.0070122843608260155
					validation loss : 18529.250613892487

				learning_rate : 0.001
				weight_decay : 1e-05
					training loss : 0.001162413856945932
					validation loss : 7560.6172264053075

				weight_decay : 1e-06
					training loss : 0.0011750205885618925
					validation loss : 7845.195150585609

			num_epochs : 15
				learning_rate : 0.01
				weight_decay : 1e-05
					training loss : 0.001812430564314127
					validation loss : 10355.450840770227

				weight_decay : 1e-06
					training loss : 0.0015836586244404316
					validation loss : 12468.160010036514

				learning_rate : 0.001
				weight_decay : 1e-05
					training loss : 0.0010809213854372501
					validation loss : 7088.1545710010705

				weight_decay : 1e-06
					training loss : 0.001091464888304472
					validation loss : 7129.880976577071

			num_epochs : 20
				learning_rate : 0.01
				weight_decay : 1e-05
					training loss : 0.0020934036001563072
					validation loss : 10405.61611108025

				weight_decay : 1e-06
					training loss : 0.0061050718650221825
					validation loss : 12287.464490859074

				learning_rate : 0.001
				weight_decay : 1e-05
					training loss : 0.0010576669592410326
					validation loss : 7187.806175428078

				weight_decay : 1e-06
					training loss : 0.0011045921128243208
					validation loss : 7297.148556968854

		batch_size : 512
			num_epochs : 5
				learning_rate : 0.01
				weight_decay : 1e-05
					training loss : 0.0051496014930307865
					validation loss : 14522.242986124957

				weight_decay : 1e-06
					training loss : 0.0031625886913388968
					validation loss : 12963.062466799176

				learning_rate : 0.001
				weight_decay : 1e-05
					training loss : 0.0009967825608327985
					validation loss : 9281.665548023313

				weight_decay : 1e-06
					training loss : 0.001106624724343419
					validation loss : 9914.788003057307

			num_epochs : 10
				learning_rate : 0.01
				weight_decay : 1e-05
					training loss : 0.002828536555171013
					validation loss : 12511.153699855868

				weight_decay : 1e-06
					training loss : 0.001169770723208785
					validation loss : 11263.05522601088

				learning_rate : 0.001
				weight_decay : 1e-05
					training loss : 0.0009036554838530719
					validation loss : 8288.678520725845

				weight_decay : 1e-06
					training loss : 0.0008710621623322368
					validation loss : 8440.00245778767

			num_epochs : 15
				learning_rate : 0.01
				weight_decay : 1e-05
					training loss : 0.0011343266814947128
					validation loss : 9747.405565247587

				weight_decay : 1e-06
					training loss : 0.001000487245619297
					validation loss : 9000.388240666276

				learning_rate : 0.001
				weight_decay : 1e-05
					training loss : 0.0008287450182251632
					validation loss : 7498.023245507273

				weight_decay : 1e-06
					training loss : 0.0008381513762287796
					validation loss : 7929.969484411316

			num_epochs : 20
				learning_rate : 0.01
				weight_decay : 1e-05
					training loss : 0.0010686633177101612
					validation loss : 10734.448136084238

				weight_decay : 1e-06
					training loss : 0.0011409529251977801
					validation loss : 9457.661126541047

				learning_rate : 0.001
				weight_decay : 1e-05
					training loss : 0.0007988852448761463
					validation loss : 7579.093748865843

				weight_decay : 1e-06
					training loss : 0.0008323932997882366
					validation loss : 7523.229870561359

n_layers : 4
	n_hidden : 16
		batch_size : 128
			num_epochs : 5
				learning_rate : 0.01
				weight_decay : 1e-05
					training loss : 0.0032257898710668087
					validation loss : 20361.449996370742

				weight_decay : 1e-06
					training loss : 0.002985429484397173
					validation loss : 18033.568226895102

				learning_rate : 0.001
				weight_decay : 1e-05
					training loss : 0.0040827058255672455
					validation loss : 21274.283902918614

				weight_decay : 1e-06
					training loss : 0.0035927938297390938
					validation loss : 20372.064508845717

			num_epochs : 10
				learning_rate : 0.01
				weight_decay : 1e-05
					training loss : 0.002813558327034116
					validation loss : 17178.367243741974

				weight_decay : 1e-06
					training loss : 0.003227277658879757
					validation loss : 24159.59162789916

				learning_rate : 0.001
				weight_decay : 1e-05
					training loss : 0.0028860163874924183
					validation loss : 17841.832756015247

				weight_decay : 1e-06
					training loss : 0.0033151102252304554
					validation loss : 18387.009767590123

			num_epochs : 15
				learning_rate : 0.01
				weight_decay : 1e-05
					training loss : 0.0029089604504406452
					validation loss : 29128.89131345843

				weight_decay : 1e-06
					training loss : 0.0029782960191369057
					validation loss : 16635.874117957334

				learning_rate : 0.001
				weight_decay : 1e-05
					training loss : 0.002628160174936056
					validation loss : 16299.794047794097

				weight_decay : 1e-06
					training loss : 0.002498210407793522
					validation loss : 17193.76580373272

			num_epochs : 20
				learning_rate : 0.01
				weight_decay : 1e-05
					training loss : 0.0021079808939248323
					validation loss : 14139.416756515842

				weight_decay : 1e-06
					training loss : 0.0039979382418096066
					validation loss : 23913.97245898794

				learning_rate : 0.001
				weight_decay : 1e-05
					training loss : 0.0029284271877259016
					validation loss : 17781.365191052624

				weight_decay : 1e-06
					training loss : 0.0028470484539866447
					validation loss : 16819.493747126202

		batch_size : 256
			num_epochs : 5
				learning_rate : 0.01
				weight_decay : 1e-05
					training loss : 0.0026598761323839426
					validation loss : 20370.68089598701

				weight_decay : 1e-06
					training loss : 0.0023295118007808924
					validation loss : 18226.315984144436

				learning_rate : 0.001
				weight_decay : 1e-05
					training loss : 0.004163103643804789
					validation loss : 32139.3510022063

				weight_decay : 1e-06
					training loss : 0.004233283922076225
					validation loss : 33093.13352403829

			num_epochs : 10
				learning_rate : 0.01
				weight_decay : 1e-05
					training loss : 0.002188190585002303
					validation loss : 18773.775088355855

				weight_decay : 1e-06
					training loss : 0.0017276506405323744
					validation loss : 16170.665961570136

				learning_rate : 0.001
				weight_decay : 1e-05
					training loss : 0.0031472397968173027
					validation loss : 21423.868921580808

				weight_decay : 1e-06
					training loss : 0.0030684592202305794
					validation loss : 21448.636156254055

			num_epochs : 15
				learning_rate : 0.01
				weight_decay : 1e-05
					training loss : 0.001875734655186534
					validation loss : 18076.803148954663

				weight_decay : 1e-06
					training loss : 0.0019977388437837362
					validation loss : 16351.908487569512

				learning_rate : 0.001
				weight_decay : 1e-05
					training loss : 0.002661920851096511
					validation loss : 19349.93492631419

				weight_decay : 1e-06
					training loss : 0.002661753911525011
					validation loss : 20266.74865972937

			num_epochs : 20
				learning_rate : 0.01
				weight_decay : 1e-05
					training loss : 0.0016254279762506485
					validation loss : 14675.996953212878

				weight_decay : 1e-06
					training loss : 0.0017047612927854061
					validation loss : 15723.385351280367

				learning_rate : 0.001
				weight_decay : 1e-05
					training loss : 0.0028634711634367704
					validation loss : 20801.930569052012

				weight_decay : 1e-06
					training loss : 0.0024815923534333706
					validation loss : 17317.694175275818

		batch_size : 512
			num_epochs : 5
				learning_rate : 0.01
				weight_decay : 1e-05
					training loss : 0.001641558250412345
					validation loss : 19045.305304092995

				weight_decay : 1e-06
					training loss : 0.002012968063354492
					validation loss : 18722.19562939372

				learning_rate : 0.001
				weight_decay : 1e-05
					training loss : 0.0031802100129425526
					validation loss : 29427.509272560586

				weight_decay : 1e-06
					training loss : 0.0037718515377491713
					validation loss : 37344.0154060646

			num_epochs : 10
				learning_rate : 0.01
				weight_decay : 1e-05
					training loss : 0.001659277593716979
					validation loss : 18591.670641864832

				weight_decay : 1e-06
					training loss : 0.0014144543092697859
					validation loss : 18778.04212800372

				learning_rate : 0.001
				weight_decay : 1e-05
					training loss : 0.0024586243089288473
					validation loss : 23497.622094868388

				weight_decay : 1e-06
					training loss : 0.003202155465260148
					validation loss : 31179.082358680153

			num_epochs : 15
				learning_rate : 0.01
				weight_decay : 1e-05
					training loss : 0.0014041776303201914
					validation loss : 16580.050396838382

				weight_decay : 1e-06
					training loss : 0.0015444466844201088
					validation loss : 16069.860297750827

				learning_rate : 0.001
				weight_decay : 1e-05
					training loss : 0.0025110552087426186
					validation loss : 26354.38838277317

				weight_decay : 1e-06
					training loss : 0.002019563689827919
					validation loss : 19948.37310838105

			num_epochs : 20
				learning_rate : 0.01
				weight_decay : 1e-05
					training loss : 0.0013960315845906734
					validation loss : 17927.998994657828

				weight_decay : 1e-06
					training loss : 0.0014935873914510012
					validation loss : 16293.596254414224

				learning_rate : 0.001
				weight_decay : 1e-05
					training loss : 0.0021536194253712893
					validation loss : 22600.837355343552

				weight_decay : 1e-06
					training loss : 0.002126587089151144
					validation loss : 21868.92827800074

	n_hidden : 32
		batch_size : 128
			num_epochs : 5
				learning_rate : 0.01
				weight_decay : 1e-05
					training loss : 0.0049596321769058704
					validation loss : 20018.05074184479

				weight_decay : 1e-06
					training loss : 0.003274862188845873
					validation loss : 17512.454408261725

				learning_rate : 0.001
				weight_decay : 1e-05
					training loss : 0.002984958002343774
					validation loss : 18027.133328116888

				weight_decay : 1e-06
					training loss : 0.0032627792097628117
					validation loss : 19406.948296200808

			num_epochs : 10
				learning_rate : 0.01
				weight_decay : 1e-05
					training loss : 0.004612497054040432
					validation loss : 22973.85443912063

				weight_decay : 1e-06
					training loss : 0.0029305261559784412
					validation loss : 17060.965035337762

				learning_rate : 0.001
				weight_decay : 1e-05
					training loss : 0.002636395860463381
					validation loss : 17754.39378801251

				weight_decay : 1e-06
					training loss : 0.002816462889313698
					validation loss : 17698.470368528866

			num_epochs : 15
				learning_rate : 0.01
				weight_decay : 1e-05
					training loss : 0.0025434978306293488
					validation loss : 17337.19240368046

				weight_decay : 1e-06
					training loss : 0.005152496509253979
					validation loss : 25781.017047225883

				learning_rate : 0.001
				weight_decay : 1e-05
					training loss : 0.002812538295984268
					validation loss : 21570.458847772563

				weight_decay : 1e-06
					training loss : 0.0020948664750903845
					validation loss : 16359.990799036197

			num_epochs : 20
				learning_rate : 0.01
				weight_decay : 1e-05
					training loss : 0.010459115728735924
					validation loss : 115985.65914672341

				weight_decay : 1e-06
					training loss : 0.003821915714070201
					validation loss : 24768.185706507735

				learning_rate : 0.001
				weight_decay : 1e-05
					training loss : 0.0030701537616550922
					validation loss : 15188.890521957346

				weight_decay : 1e-06
					training loss : 0.0019065497908741236
					validation loss : 15297.30987231499

		batch_size : 256
			num_epochs : 5
				learning_rate : 0.01
				weight_decay : 1e-05
					training loss : 0.0023795124143362045
					validation loss : 17487.53748747841

				weight_decay : 1e-06
					training loss : 0.0026543245185166597
					validation loss : 24983.735050142503

				learning_rate : 0.001
				weight_decay : 1e-05
					training loss : 0.002942375373095274
					validation loss : 21493.97914802178

				weight_decay : 1e-06
					training loss : 0.00275700306519866
					validation loss : 22024.421550892795

			num_epochs : 10
				learning_rate : 0.01
				weight_decay : 1e-05
					training loss : 0.0023794122971594334
					validation loss : 20815.73481836603

				weight_decay : 1e-06
					training loss : 0.002374315867200494
					validation loss : 20650.444153915603

				learning_rate : 0.001
				weight_decay : 1e-05
					training loss : 0.002480262890458107
					validation loss : 18918.755252953953

				weight_decay : 1e-06
					training loss : 0.002243826864287257
					validation loss : 17665.48330521927

			num_epochs : 15
				learning_rate : 0.01
				weight_decay : 1e-05
					training loss : 0.0020081354305148125
					validation loss : 16654.353451249874

				weight_decay : 1e-06
					training loss : 0.0018445738824084401
					validation loss : 15096.746304027565

				learning_rate : 0.001
				weight_decay : 1e-05
					training loss : 0.0026122452691197395
					validation loss : 18908.67948257902

				weight_decay : 1e-06
					training loss : 0.0021854902151972055
					validation loss : 16681.18159297813

			num_epochs : 20
				learning_rate : 0.01
				weight_decay : 1e-05
					training loss : 0.0021045792382210493
					validation loss : 14082.321020006706

				weight_decay : 1e-06
					training loss : 0.001897136215120554
					validation loss : 14353.006907070994

				learning_rate : 0.001
				weight_decay : 1e-05
					training loss : 0.0017540534026920795
					validation loss : 14504.724002791609

				weight_decay : 1e-06
					training loss : 0.0019426473882049322
					validation loss : 16290.506630374615

		batch_size : 512
			num_epochs : 5
				learning_rate : 0.01
				weight_decay : 1e-05
					training loss : 0.0017995235975831747
					validation loss : 19693.52331626036

				weight_decay : 1e-06
					training loss : 0.0016571395099163055
					validation loss : 18967.078447139877

				learning_rate : 0.001
				weight_decay : 1e-05
					training loss : 0.00322543503716588
					validation loss : 31288.27304730748

				weight_decay : 1e-06
					training loss : 0.0024999878369271755
					validation loss : 25258.72603964236

			num_epochs : 10
				learning_rate : 0.01
				weight_decay : 1e-05
					training loss : 0.0015643083024770021
					validation loss : 17188.970338750383

				weight_decay : 1e-06
					training loss : 0.0015133169945329428
					validation loss : 18063.535490586983

				learning_rate : 0.001
				weight_decay : 1e-05
					training loss : 0.002924256958067417
					validation loss : 28085.717192972465

				weight_decay : 1e-06
					training loss : 0.0021908865310251713
					validation loss : 22508.69779524308

			num_epochs : 15
				learning_rate : 0.01
				weight_decay : 1e-05
					training loss : 0.0015331236645579338
					validation loss : 18090.838476206918

				weight_decay : 1e-06
					training loss : 0.0016478771576657891
					validation loss : 20375.413975085474

				learning_rate : 0.001
				weight_decay : 1e-05
					training loss : 0.0021314045879989862
					validation loss : 21002.653975379464

				weight_decay : 1e-06
					training loss : 0.0019198859808966517
					validation loss : 19774.330318919623

			num_epochs : 20
				learning_rate : 0.01
				weight_decay : 1e-05
					training loss : 0.00134694529697299
					validation loss : 16309.924430620127

				weight_decay : 1e-06
					training loss : 0.0012690182775259018
					validation loss : 16725.638230347024

				learning_rate : 0.001
				weight_decay : 1e-05
					training loss : 0.0016713819932192564
					validation loss : 19131.522866272036

				weight_decay : 1e-06
					training loss : 0.0017690840177237988
					validation loss : 18597.554994481834

	n_hidden : 64
		batch_size : 128
			num_epochs : 5
				learning_rate : 0.01
				weight_decay : 1e-05
					training loss : 0.0043425001204013824
					validation loss : 30730.440711477502

				weight_decay : 1e-06
					training loss : 0.005380925722420216
					validation loss : 24539.16259314441

				learning_rate : 0.001
				weight_decay : 1e-05
					training loss : 0.003653500694781542
					validation loss : 20806.457319509456

				weight_decay : 1e-06
					training loss : 0.0034505072981119156
					validation loss : 20781.939858480448

			num_epochs : 10
				learning_rate : 0.01
				weight_decay : 1e-05
					training loss : 0.003594654146581888
					validation loss : 20400.49818876153

				weight_decay : 1e-06
					training loss : 0.004208178259432316
					validation loss : 29672.4937283438

				learning_rate : 0.001
				weight_decay : 1e-05
					training loss : 0.003016300732269883
					validation loss : 15269.449816944296

				weight_decay : 1e-06
					training loss : 0.00239790347404778
					validation loss : 15822.517211137038

			num_epochs : 15
				learning_rate : 0.01
				weight_decay : 1e-05
					training loss : 0.005474235862493515
					validation loss : 31737.657841302942

				weight_decay : 1e-06
					training loss : 0.00493608508259058
					validation loss : 31480.40087163949

				learning_rate : 0.001
				weight_decay : 1e-05
					training loss : 0.002664541359990835
					validation loss : 16401.52342843951

				weight_decay : 1e-06
					training loss : 0.0016931176651269197
					validation loss : 14854.179093994098

			num_epochs : 20
				learning_rate : 0.01
				weight_decay : 1e-05
					training loss : 0.005147425923496485
					validation loss : 30532.305223689247

				weight_decay : 1e-06
					training loss : 0.016468539834022522
					validation loss : 89695.56965324929

				learning_rate : 0.001
				weight_decay : 1e-05
					training loss : 0.002859649248421192
					validation loss : 14802.017896594733

				weight_decay : 1e-06
					training loss : 0.002498508896678686
					validation loss : 14157.754504402139

		batch_size : 256
			num_epochs : 5
				learning_rate : 0.01
				weight_decay : 1e-05
					training loss : 0.003045860445126891
					validation loss : 23381.644151239507

				weight_decay : 1e-06
					training loss : 0.002668095752596855
					validation loss : 20439.31076544549

				learning_rate : 0.001
				weight_decay : 1e-05
					training loss : 0.00245302333496511
					validation loss : 20152.809309208722

				weight_decay : 1e-06
					training loss : 0.0024688937701284885
					validation loss : 19967.32755480484

			num_epochs : 10
				learning_rate : 0.01
				weight_decay : 1e-05
					training loss : 0.0023638561833649874
					validation loss : 19553.799479678884

				weight_decay : 1e-06
					training loss : 0.0025284297298640013
					validation loss : 18444.57524458006

				learning_rate : 0.001
				weight_decay : 1e-05
					training loss : 0.0022100750356912613
					validation loss : 15016.086723467608

				weight_decay : 1e-06
					training loss : 0.002163809258490801
					validation loss : 18814.52007659075

			num_epochs : 15
				learning_rate : 0.01
				weight_decay : 1e-05
					training loss : 0.0019313512602820992
					validation loss : 17798.0066293587

				weight_decay : 1e-06
					training loss : 0.002127337036654353
					validation loss : 17791.336730147574

				learning_rate : 0.001
				weight_decay : 1e-05
					training loss : 0.001977980835363269
					validation loss : 17203.61522640577

				weight_decay : 1e-06
					training loss : 0.0025227770674973726
					validation loss : 17538.128259772653

			num_epochs : 20
				learning_rate : 0.01
				weight_decay : 1e-05
					training loss : 0.0024495888501405716
					validation loss : 16303.377502537423

				weight_decay : 1e-06
					training loss : 0.002722298726439476
					validation loss : 19505.0645013109

				learning_rate : 0.001
				weight_decay : 1e-05
					training loss : 0.0017211587401106954
					validation loss : 17332.66646324033

				weight_decay : 1e-06
					training loss : 0.0016117714112624526
					validation loss : 13401.217580981782

		batch_size : 512
			num_epochs : 5
				learning_rate : 0.01
				weight_decay : 1e-05
					training loss : 0.0020327894017100334
					validation loss : 19553.288692667687

				weight_decay : 1e-06
					training loss : 0.0019551669247448444
					validation loss : 25473.99639253152

				learning_rate : 0.001
				weight_decay : 1e-05
					training loss : 0.0020471354946494102
					validation loss : 21677.54044760138

				weight_decay : 1e-06
					training loss : 0.00281746918335557
					validation loss : 28537.58829069713

			num_epochs : 10
				learning_rate : 0.01
				weight_decay : 1e-05
					training loss : 0.0027283313684165478
					validation loss : 26412.047058253876

				weight_decay : 1e-06
					training loss : 0.0018226149259135127
					validation loss : 20836.824540745918

				learning_rate : 0.001
				weight_decay : 1e-05
					training loss : 0.0017506340518593788
					validation loss : 18142.535879066436

				weight_decay : 1e-06
					training loss : 0.0018801777623593807
					validation loss : 19811.49058719274

			num_epochs : 15
				learning_rate : 0.01
				weight_decay : 1e-05
					training loss : 0.0018752414034679532
					validation loss : 17744.31506072751

				weight_decay : 1e-06
					training loss : 0.0016759545542299747
					validation loss : 16734.7942758928

				learning_rate : 0.001
				weight_decay : 1e-05
					training loss : 0.0018080477602779865
					validation loss : 18160.169634712904

				weight_decay : 1e-06
					training loss : 0.00169065548107028
					validation loss : 18192.418651563145

			num_epochs : 20
				learning_rate : 0.01
				weight_decay : 1e-05
					training loss : 0.001495250267907977
					validation loss : 18062.55132994212

				weight_decay : 1e-06
					training loss : 0.0017610180657356977
					validation loss : 17145.882136761615

				learning_rate : 0.001
				weight_decay : 1e-05
					training loss : 0.0014016736531630158
					validation loss : 16569.79840067021

				weight_decay : 1e-06
					training loss : 0.0018192119896411896
					validation loss : 18103.945540593566

	n_hidden : 128
		batch_size : 128
			num_epochs : 5
				learning_rate : 0.01
				weight_decay : 1e-05
					training loss : 0.0067179882898926735
					validation loss : 51227.739632426805

				weight_decay : 1e-06
					training loss : 0.00715947151184082
					validation loss : 43136.63899682345

				learning_rate : 0.001
				weight_decay : 1e-05
					training loss : 0.0032720789313316345
					validation loss : 27458.71043793669

				weight_decay : 1e-06
					training loss : 0.00291886436752975
					validation loss : 17856.607615430472

			num_epochs : 10
				learning_rate : 0.01
				weight_decay : 1e-05
					training loss : 0.0056319450959563255
					validation loss : 41623.472783352285

				weight_decay : 1e-06
					training loss : 0.00886615552008152
					validation loss : 71159.6677999394

				learning_rate : 0.001
				weight_decay : 1e-05
					training loss : 0.0031825280748307705
					validation loss : 15498.139042349772

				weight_decay : 1e-06
					training loss : 0.0025440328754484653
					validation loss : 16982.480547716215

			num_epochs : 15
				learning_rate : 0.01
				weight_decay : 1e-05
					training loss : 0.005518282763659954
					validation loss : 36752.93052904954

				weight_decay : 1e-06
					training loss : 0.009522923268377781
					validation loss : 61196.01095274033

				learning_rate : 0.001
				weight_decay : 1e-05
					training loss : 0.0026797298341989517
					validation loss : 16036.583832469973

				weight_decay : 1e-06
					training loss : 0.0028895961586385965
					validation loss : 14873.398752297446

			num_epochs : 20
				learning_rate : 0.01
				weight_decay : 1e-05
					training loss : 0.010809173807501793
					validation loss : 132088.90737490106

				weight_decay : 1e-06
					training loss : 0.006631350610405207
					validation loss : 39004.058413227474

				learning_rate : 0.001
				weight_decay : 1e-05
					training loss : 0.002261943416669965
					validation loss : 15055.90787298411

				weight_decay : 1e-06
					training loss : 0.00327530549839139
					validation loss : 20189.981495724795

		batch_size : 256
			num_epochs : 5
				learning_rate : 0.01
				weight_decay : 1e-05
					training loss : 0.004065569024533033
					validation loss : 29149.90985891338

				weight_decay : 1e-06
					training loss : 0.003095402382314205
					validation loss : 35292.10561100726

				learning_rate : 0.001
				weight_decay : 1e-05
					training loss : 0.0023219124414026737
					validation loss : 18336.767887012604

				weight_decay : 1e-06
					training loss : 0.00223717512562871
					validation loss : 18454.19327134847

			num_epochs : 10
				learning_rate : 0.01
				weight_decay : 1e-05
					training loss : 0.003779327031224966
					validation loss : 39578.47244369715

				weight_decay : 1e-06
					training loss : 0.0029875156469643116
					validation loss : 21832.064573779986

				learning_rate : 0.001
				weight_decay : 1e-05
					training loss : 0.0019033850403502584
					validation loss : 14108.642876290069

				weight_decay : 1e-06
					training loss : 0.0019251415506005287
					validation loss : 16842.243058748645

			num_epochs : 15
				learning_rate : 0.01
				weight_decay : 1e-05
					training loss : 0.003422762034460902
					validation loss : 24022.01749416873

				weight_decay : 1e-06
					training loss : 0.0031390090007334948
					validation loss : 26316.34812318781

				learning_rate : 0.001
				weight_decay : 1e-05
					training loss : 0.0014685706701129675
					validation loss : 15254.596361759544

				weight_decay : 1e-06
					training loss : 0.001840903190895915
					validation loss : 17133.315554657373

			num_epochs : 20
				learning_rate : 0.01
				weight_decay : 1e-05
					training loss : 0.004374670330435038
					validation loss : 28419.13546663704

				weight_decay : 1e-06
					training loss : 0.004498641937971115
					validation loss : 25634.402659341697

				learning_rate : 0.001
				weight_decay : 1e-05
					training loss : 0.00194075726903975
					validation loss : 18225.445933399402

				weight_decay : 1e-06
					training loss : 0.0014563464792445302
					validation loss : 22356.367369692678

		batch_size : 512
			num_epochs : 5
				learning_rate : 0.01
				weight_decay : 1e-05
					training loss : 0.0040825847536325455
					validation loss : 34960.86963734237

				weight_decay : 1e-06
					training loss : 0.0031409193761646748
					validation loss : 28872.780517725714

				learning_rate : 0.001
				weight_decay : 1e-05
					training loss : 0.001922011375427246
					validation loss : 19690.800500755955

				weight_decay : 1e-06
					training loss : 0.0021128151565790176
					validation loss : 21812.39658605498

			num_epochs : 10
				learning_rate : 0.01
				weight_decay : 1e-05
					training loss : 0.0035076583735644817
					validation loss : 33182.126915164146

				weight_decay : 1e-06
					training loss : 0.0032080565579235554
					validation loss : 24693.60813220573

				learning_rate : 0.001
				weight_decay : 1e-05
					training loss : 0.0017202594317495823
					validation loss : 17689.15708114049

				weight_decay : 1e-06
					training loss : 0.0017748350510373712
					validation loss : 18792.607182950793

			num_epochs : 15
				learning_rate : 0.01
				weight_decay : 1e-05
					training loss : 0.003036623587831855
					validation loss : 27398.06528066836

				weight_decay : 1e-06
					training loss : 0.0024809245951473713
					validation loss : 31271.153889216963

				learning_rate : 0.001
				weight_decay : 1e-05
					training loss : 0.0016153082251548767
					validation loss : 23112.753240461345

				weight_decay : 1e-06
					training loss : 0.0013520129723474383
					validation loss : 14171.079267687517

			num_epochs : 20
				learning_rate : 0.01
				weight_decay : 1e-05
					training loss : 0.002820156514644623
					validation loss : 26568.573487984177

				weight_decay : 1e-06
					training loss : 0.0028434949927031994
					validation loss : 24125.124658464432

				learning_rate : 0.001
				weight_decay : 1e-05
					training loss : 0.0013895861338824034
					validation loss : 16533.799369547534

				weight_decay : 1e-06
					training loss : 0.0015428399201482534
					validation loss : 16356.833698421364

n_layers : 5
	n_hidden : 16
		batch_size : 128
			num_epochs : 5
				learning_rate : 0.01
				weight_decay : 1e-05
					training loss : 0.0039374069310724735
					validation loss : 36734.6943042262

				weight_decay : 1e-06
					training loss : 0.005035085137933493
					validation loss : 40212.40302286439

				learning_rate : 0.001
				weight_decay : 1e-05
					training loss : 0.007130004465579987
					validation loss : 48381.89063752521

				weight_decay : 1e-06
					training loss : 0.0057921684347093105
					validation loss : 41847.434152476766

			num_epochs : 10
				learning_rate : 0.01
				weight_decay : 1e-05
					training loss : 0.004037174861878157
					validation loss : 40810.146408325374

				weight_decay : 1e-06
					training loss : 0.0044084531255066395
					validation loss : 39756.235883073445

				learning_rate : 0.001
				weight_decay : 1e-05
					training loss : 0.0033245966769754887
					validation loss : 35000.37476211955

				weight_decay : 1e-06
					training loss : 0.00403430825099349
					validation loss : 38796.11020487959

			num_epochs : 15
				learning_rate : 0.01
				weight_decay : 1e-05
					training loss : 0.003563409671187401
					validation loss : 31039.29263214382

				weight_decay : 1e-06
					training loss : 0.0034640685189515352
					validation loss : 37026.984334778565

				learning_rate : 0.001
				weight_decay : 1e-05
					training loss : 0.00268161715939641
					validation loss : 45196.9023900108

				weight_decay : 1e-06
					training loss : 0.0033235482405871153
					validation loss : 31803.630763789326

			num_epochs : 20
				learning_rate : 0.01
				weight_decay : 1e-05
					training loss : 0.004678053315728903
					validation loss : 40458.660282437064

				weight_decay : 1e-06
					training loss : 0.0036120309960097075
					validation loss : 39129.67643597549

				learning_rate : 0.001
				weight_decay : 1e-05
					training loss : 0.002842162735760212
					validation loss : 31627.03814480894

				weight_decay : 1e-06
					training loss : 0.003164471359923482
					validation loss : 30752.510633260477

		batch_size : 256
			num_epochs : 5
				learning_rate : 0.01
				weight_decay : 1e-05
					training loss : 0.003557915333658457
					validation loss : 40969.52412090363

				weight_decay : 1e-06
					training loss : 0.0035540226381272078
					validation loss : 43047.43672330325

				learning_rate : 0.001
				weight_decay : 1e-05
					training loss : 0.005936340894550085
					validation loss : 57213.567725492496

				weight_decay : 1e-06
					training loss : 0.006196680013090372
					validation loss : 62460.46716092243

			num_epochs : 10
				learning_rate : 0.01
				weight_decay : 1e-05
					training loss : 0.00335244950838387
					validation loss : 33919.51707075804

				weight_decay : 1e-06
					training loss : 0.00283148349262774
					validation loss : 33386.97194790909

				learning_rate : 0.001
				weight_decay : 1e-05
					training loss : 0.003951145801693201
					validation loss : 36631.9050429271

				weight_decay : 1e-06
					training loss : 0.0045567103661596775
					validation loss : 38825.634072388675

			num_epochs : 15
				learning_rate : 0.01
				weight_decay : 1e-05
					training loss : 0.0031214093323796988
					validation loss : 32696.782435394896

				weight_decay : 1e-06
					training loss : 0.002995826071128249
					validation loss : 32632.654984107146

				learning_rate : 0.001
				weight_decay : 1e-05
					training loss : 0.0036066428292542696
					validation loss : 32004.586581535765

				weight_decay : 1e-06
					training loss : 0.004571846220642328
					validation loss : 39326.72584891376

			num_epochs : 20
				learning_rate : 0.01
				weight_decay : 1e-05
					training loss : 0.0031639467924833298
					validation loss : 31417.435021368252

				weight_decay : 1e-06
					training loss : 0.0030995060224086046
					validation loss : 29230.39000161401

				learning_rate : 0.001
				weight_decay : 1e-05
					training loss : 0.0034669649321585894
					validation loss : 32740.170451352835

				weight_decay : 1e-06
					training loss : 0.003682155627757311
					validation loss : 33655.59536411136

		batch_size : 512
			num_epochs : 5
				learning_rate : 0.01
				weight_decay : 1e-05
					training loss : 0.0034109235275536776
					validation loss : 38793.30495107908

				weight_decay : 1e-06
					training loss : 0.0029223572928458452
					validation loss : 46241.41446195521

				learning_rate : 0.001
				weight_decay : 1e-05
					training loss : 0.005670593120157719
					validation loss : 68882.8845057375

				weight_decay : 1e-06
					training loss : 0.005768019240349531
					validation loss : 68143.57689344099

			num_epochs : 10
				learning_rate : 0.01
				weight_decay : 1e-05
					training loss : 0.002749132225289941
					validation loss : 38637.491523708326

				weight_decay : 1e-06
					training loss : 0.0033866085577756166
					validation loss : 40243.76891227687

				learning_rate : 0.001
				weight_decay : 1e-05
					training loss : 0.004789820406585932
					validation loss : 58139.2839400011

				weight_decay : 1e-06
					training loss : 0.004134355112910271
					validation loss : 47637.44978859057

			num_epochs : 15
				learning_rate : 0.01
				weight_decay : 1e-05
					training loss : 0.002575595397502184
					validation loss : 35060.05272072661

				weight_decay : 1e-06
					training loss : 0.002425704151391983
					validation loss : 35877.772893248395

				learning_rate : 0.001
				weight_decay : 1e-05
					training loss : 0.0034162737429142
					validation loss : 38070.07188659026

				weight_decay : 1e-06
					training loss : 0.0036493767984211445
					validation loss : 44364.620106034155

			num_epochs : 20
				learning_rate : 0.01
				weight_decay : 1e-05
					training loss : 0.0024646499659866095
					validation loss : 33423.29638403485

				weight_decay : 1e-06
					training loss : 0.0027978133875876665
					validation loss : 40320.2222352891

				learning_rate : 0.001
				weight_decay : 1e-05
					training loss : 0.003224215004593134
					validation loss : 37999.52323769366

				weight_decay : 1e-06
					training loss : 0.0037437814753502607
					validation loss : 38928.92209464474

	n_hidden : 32
		batch_size : 128
			num_epochs : 5
				learning_rate : 0.01
				weight_decay : 1e-05
					training loss : 0.004617744591087103
					validation loss : 38941.382780798005

				weight_decay : 1e-06
					training loss : 0.004477290902286768
					validation loss : 42612.18077964366

				learning_rate : 0.001
				weight_decay : 1e-05
					training loss : 0.004453557077795267
					validation loss : 45755.34874361304

				weight_decay : 1e-06
					training loss : 0.004262195434421301
					validation loss : 36053.160654839136

			num_epochs : 10
				learning_rate : 0.01
				weight_decay : 1e-05
					training loss : 0.003813574556261301
					validation loss : 33569.52657227083

				weight_decay : 1e-06
					training loss : 0.008427324704825878
					validation loss : 75077.62833409126

				learning_rate : 0.001
				weight_decay : 1e-05
					training loss : 0.00323657994158566
					validation loss : 42452.76816270411

				weight_decay : 1e-06
					training loss : 0.004017119761556387
					validation loss : 37563.00252595263

			num_epochs : 15
				learning_rate : 0.01
				weight_decay : 1e-05
					training loss : 0.007249225862324238
					validation loss : 71487.44271535554

				weight_decay : 1e-06
					training loss : 0.004132888279855251
					validation loss : 40875.36265690962

				learning_rate : 0.001
				weight_decay : 1e-05
					training loss : 0.003659971756860614
					validation loss : 33713.17215622523

				weight_decay : 1e-06
					training loss : 0.0025145341642200947
					validation loss : 30542.408857952076

			num_epochs : 20
				learning_rate : 0.01
				weight_decay : 1e-05
					training loss : 0.006127877626568079
					validation loss : 58958.457502713

				weight_decay : 1e-06
					training loss : 0.006347633432596922
					validation loss : 52322.878256711636

				learning_rate : 0.001
				weight_decay : 1e-05
					training loss : 0.0027508786879479885
					validation loss : 32557.843369826616

				weight_decay : 1e-06
					training loss : 0.002444888697937131
					validation loss : 34370.82227138839

		batch_size : 256
			num_epochs : 5
				learning_rate : 0.01
				weight_decay : 1e-05
					training loss : 0.003638624446466565
					validation loss : 47258.6127129082

				weight_decay : 1e-06
					training loss : 0.004415183328092098
					validation loss : 46679.97134348922

				learning_rate : 0.001
				weight_decay : 1e-05
					training loss : 0.004726403392851353
					validation loss : 45034.93815768549

				weight_decay : 1e-06
					training loss : 0.004209103528410196
					validation loss : 41158.078196827904

			num_epochs : 10
				learning_rate : 0.01
				weight_decay : 1e-05
					training loss : 0.0036347080022096634
					validation loss : 35972.398099644386

				weight_decay : 1e-06
					training loss : 0.002996575552970171
					validation loss : 33204.99016133732

				learning_rate : 0.001
				weight_decay : 1e-05
					training loss : 0.0033244681544601917
					validation loss : 31516.809595996845

				weight_decay : 1e-06
					training loss : 0.003573983907699585
					validation loss : 34464.10073057353

			num_epochs : 15
				learning_rate : 0.01
				weight_decay : 1e-05
					training loss : 0.0034285609144717455
					validation loss : 36618.98593328116

				weight_decay : 1e-06
					training loss : 0.004762178286910057
					validation loss : 40141.44804173686

				learning_rate : 0.001
				weight_decay : 1e-05
					training loss : 0.002837215783074498
					validation loss : 30222.3279385676

				weight_decay : 1e-06
					training loss : 0.003400843357667327
					validation loss : 31695.580388675473

			num_epochs : 20
				learning_rate : 0.01
				weight_decay : 1e-05
					training loss : 0.003173896810039878
					validation loss : 37626.232978765256

				weight_decay : 1e-06
					training loss : 0.003937142435461283
					validation loss : 48708.10116623578

				learning_rate : 0.001
				weight_decay : 1e-05
					training loss : 0.0030976987909525633
					validation loss : 31391.284345186137

				weight_decay : 1e-06
					training loss : 0.0033335790503770113
					validation loss : 32713.215856802424

		batch_size : 512
			num_epochs : 5
				learning_rate : 0.01
				weight_decay : 1e-05
					training loss : 0.003207659814506769
					validation loss : 38523.47157506313

				weight_decay : 1e-06
					training loss : 0.004175169859081507
					validation loss : 44728.14817188196

				learning_rate : 0.001
				weight_decay : 1e-05
					training loss : 0.004053973592817783
					validation loss : 46618.139815950875

				weight_decay : 1e-06
					training loss : 0.0036129318177700043
					validation loss : 45101.729633539806

			num_epochs : 10
				learning_rate : 0.01
				weight_decay : 1e-05
					training loss : 0.0029033885803073645
					validation loss : 46696.97241783979

				weight_decay : 1e-06
					training loss : 0.0028051675762981176
					validation loss : 51736.72722970526

				learning_rate : 0.001
				weight_decay : 1e-05
					training loss : 0.003468292998149991
					validation loss : 37858.774522379594

				weight_decay : 1e-06
					training loss : 0.0034177086781710386
					validation loss : 36195.97649439451

			num_epochs : 15
				learning_rate : 0.01
				weight_decay : 1e-05
					training loss : 0.0028788491617888212
					validation loss : 33968.74436417871

				weight_decay : 1e-06
					training loss : 0.0026677120476961136
					validation loss : 36808.58191425528

				learning_rate : 0.001
				weight_decay : 1e-05
					training loss : 0.0033657667227089405
					validation loss : 37971.78419871204

				weight_decay : 1e-06
					training loss : 0.0029228783678263426
					validation loss : 33756.265603981214

			num_epochs : 20
				learning_rate : 0.01
				weight_decay : 1e-05
					training loss : 0.0028128817211836576
					validation loss : 37341.567195864496

				weight_decay : 1e-06
					training loss : 0.0025451963301748037
					validation loss : 32043.58654349506

				learning_rate : 0.001
				weight_decay : 1e-05
					training loss : 0.0029909859877079725
					validation loss : 35889.93227817418

				weight_decay : 1e-06
					training loss : 0.002750187646597624
					validation loss : 32773.90784609399

	n_hidden : 64
		batch_size : 128
			num_epochs : 5
				learning_rate : 0.01
				weight_decay : 1e-05
					training loss : 0.00479246536269784
					validation loss : 52854.42102881742

				weight_decay : 1e-06
					training loss : 0.0080566992983222
					validation loss : 66888.9172216107

				learning_rate : 0.001
				weight_decay : 1e-05
					training loss : 0.004039458464831114
					validation loss : 37961.49178810656

				weight_decay : 1e-06
					training loss : 0.0035839639604091644
					validation loss : 35938.90878170323

			num_epochs : 10
				learning_rate : 0.01
				weight_decay : 1e-05
					training loss : 0.0093776173889637
					validation loss : 72730.23491403472

				weight_decay : 1e-06
					training loss : 0.006765769328922033
					validation loss : 52160.442025664495

				learning_rate : 0.001
				weight_decay : 1e-05
					training loss : 0.0038398781325668097
					validation loss : 40502.676700879405

				weight_decay : 1e-06
					training loss : 0.003038543276488781
					validation loss : 34753.35608332443

			num_epochs : 15
				learning_rate : 0.01
				weight_decay : 1e-05
					training loss : 0.004423884674906731
					validation loss : 46720.30136893355

				weight_decay : 1e-06
					training loss : 0.0077294521033763885
					validation loss : 71552.78562189394

				learning_rate : 0.001
				weight_decay : 1e-05
					training loss : 0.0033675734885036945
					validation loss : 37189.669268016645

				weight_decay : 1e-06
					training loss : 0.003221134189516306
					validation loss : 34190.6194756846

			num_epochs : 20
				learning_rate : 0.01
				weight_decay : 1e-05
					training loss : 0.015302019193768501
					validation loss : 120468.95065307032

				weight_decay : 1e-06
					training loss : 0.009323343634605408
					validation loss : 88564.81296306287

				learning_rate : 0.001
				weight_decay : 1e-05
					training loss : 0.0034025893546640873
					validation loss : 32962.68737977082

				weight_decay : 1e-06
					training loss : 0.0026440785732120275
					validation loss : 28708.85590440911

		batch_size : 256
			num_epochs : 5
				learning_rate : 0.01
				weight_decay : 1e-05
					training loss : 0.004889965523034334
					validation loss : 54496.36107583011

				weight_decay : 1e-06
					training loss : 0.005261638667434454
					validation loss : 46317.685495346566

				learning_rate : 0.001
				weight_decay : 1e-05
					training loss : 0.003908997867256403
					validation loss : 37941.21472341122

				weight_decay : 1e-06
					training loss : 0.003967075143009424
					validation loss : 39955.42949421529

			num_epochs : 10
				learning_rate : 0.01
				weight_decay : 1e-05
					training loss : 0.0036034209188073874
					validation loss : 38366.584847162434

				weight_decay : 1e-06
					training loss : 0.0052441018633544445
					validation loss : 58244.57166299916

				learning_rate : 0.001
				weight_decay : 1e-05
					training loss : 0.003198140999302268
					validation loss : 34371.699159662516

				weight_decay : 1e-06
					training loss : 0.0030767624266445637
					validation loss : 32481.003756187813

			num_epochs : 15
				learning_rate : 0.01
				weight_decay : 1e-05
					training loss : 0.0034467417281121016
					validation loss : 34549.66729087052

				weight_decay : 1e-06
					training loss : 0.004283169284462929
					validation loss : 45627.31242917511

				learning_rate : 0.001
				weight_decay : 1e-05
					training loss : 0.003189692273736
					validation loss : 32418.15741025524

				weight_decay : 1e-06
					training loss : 0.002889852039515972
					validation loss : 32246.57882561413

			num_epochs : 20
				learning_rate : 0.01
				weight_decay : 1e-05
					training loss : 0.0066890656016767025
					validation loss : 50197.504527169134

				weight_decay : 1e-06
					training loss : 0.0058820354752242565
					validation loss : 83729.59559792152

				learning_rate : 0.001
				weight_decay : 1e-05
					training loss : 0.002915473422035575
					validation loss : 29801.860322151446

				weight_decay : 1e-06
					training loss : 0.0024803769774734974
					validation loss : 35334.055585409355

		batch_size : 512
			num_epochs : 5
				learning_rate : 0.01
				weight_decay : 1e-05
					training loss : 0.0036001920234411955
					validation loss : 44757.94544518321

				weight_decay : 1e-06
					training loss : 0.003586292965337634
					validation loss : 41961.10156114084

				learning_rate : 0.001
				weight_decay : 1e-05
					training loss : 0.003920508082956076
					validation loss : 44357.320022832544

				weight_decay : 1e-06
					training loss : 0.003533481853082776
					validation loss : 42284.30800541538

			num_epochs : 10
				learning_rate : 0.01
				weight_decay : 1e-05
					training loss : 0.0037834071554243565
					validation loss : 43319.12759892446

				weight_decay : 1e-06
					training loss : 0.0044146934524178505
					validation loss : 49467.66124870002

				learning_rate : 0.001
				weight_decay : 1e-05
					training loss : 0.0031247667502611876
					validation loss : 36551.99059457496

				weight_decay : 1e-06
					training loss : 0.003000573255121708
					validation loss : 38062.155978716866

			num_epochs : 15
				learning_rate : 0.01
				weight_decay : 1e-05
					training loss : 0.00318469712510705
					validation loss : 41221.014187063935

				weight_decay : 1e-06
					training loss : 0.0062299915589392185
					validation loss : 80018.45311507574

				learning_rate : 0.001
				weight_decay : 1e-05
					training loss : 0.002524916548281908
					validation loss : 35479.61599145111

				weight_decay : 1e-06
					training loss : 0.0026867364067584276
					validation loss : 33850.50172350036

			num_epochs : 20
				learning_rate : 0.01
				weight_decay : 1e-05
					training loss : 0.0043810042552649975
					validation loss : 46123.25501245459

				weight_decay : 1e-06
					training loss : 0.003475916339084506
					validation loss : 55637.84893642925

				learning_rate : 0.001
				weight_decay : 1e-05
					training loss : 0.002531822770833969
					validation loss : 34319.64290859378

				weight_decay : 1e-06
					training loss : 0.002676611766219139
					validation loss : 31573.222259009068

	n_hidden : 128
		batch_size : 128
			num_epochs : 5
				learning_rate : 0.01
				weight_decay : 1e-05
					training loss : 0.011977060697972775
					validation loss : 94226.35737351289

				weight_decay : 1e-06
					training loss : 0.008992471732199192
					validation loss : 72023.76378214857

				learning_rate : 0.001
				weight_decay : 1e-05
					training loss : 0.004648908972740173
					validation loss : 42792.37582667162

				weight_decay : 1e-06
					training loss : 0.004505489952862263
					validation loss : 42399.056968138306

			num_epochs : 10
				learning_rate : 0.01
				weight_decay : 1e-05
					training loss : 0.007939985953271389
					validation loss : 88061.01691995523

				weight_decay : 1e-06
					training loss : 0.0110970139503479
					validation loss : 81179.42028576277

				learning_rate : 0.001
				weight_decay : 1e-05
					training loss : 0.0037244290579110384
					validation loss : 33172.97848824343

				weight_decay : 1e-06
					training loss : 0.0034945562947541475
					validation loss : 34912.792349125535

			num_epochs : 15
				learning_rate : 0.01
				weight_decay : 1e-05
					training loss : 0.009246868081390858
					validation loss : 67514.2911927861

				weight_decay : 1e-06
					training loss : 0.009188075549900532
					validation loss : 87211.69470053373

				learning_rate : 0.001
				weight_decay : 1e-05
					training loss : 0.003162023378536105
					validation loss : 31093.961281686345

				weight_decay : 1e-06
					training loss : 0.003752856282517314
					validation loss : 32282.687516648097

			num_epochs : 20
				learning_rate : 0.01
				weight_decay : 1e-05
					training loss : 0.009075835347175598
					validation loss : 97901.69916848597

				weight_decay : 1e-06
					training loss : 0.010412925854325294
					validation loss : 173542.5726154183

				learning_rate : 0.001
				weight_decay : 1e-05
					training loss : 0.002876915503293276
					validation loss : 35349.33339859753

				weight_decay : 1e-06
					training loss : 0.0046384395100176334
					validation loss : 41149.20936857094

		batch_size : 256
			num_epochs : 5
				learning_rate : 0.01
				weight_decay : 1e-05
					training loss : 0.010639932006597519
					validation loss : 95189.16369685967

				weight_decay : 1e-06
					training loss : 0.01131890993565321
					validation loss : 77086.19510117415

				learning_rate : 0.001
				weight_decay : 1e-05
					training loss : 0.003706964896991849
					validation loss : 46053.383175458395

				weight_decay : 1e-06
					training loss : 0.00368990539573133
					validation loss : 42077.28719724159

			num_epochs : 10
				learning_rate : 0.01
				weight_decay : 1e-05
					training loss : 0.006577559746801853
					validation loss : 84862.29157273313

				weight_decay : 1e-06
					training loss : 0.0089879110455513
					validation loss : 64099.510811799264

				learning_rate : 0.001
				weight_decay : 1e-05
					training loss : 0.003481341991573572
					validation loss : 35799.12584588014

				weight_decay : 1e-06
					training loss : 0.0030602235347032547
					validation loss : 34560.514462664934

			num_epochs : 15
				learning_rate : 0.01
				weight_decay : 1e-05
					training loss : 0.012874193489551544
					validation loss : 130716.24386312829

				weight_decay : 1e-06
					training loss : 0.00665288558229804
					validation loss : 55983.778843238746

				learning_rate : 0.001
				weight_decay : 1e-05
					training loss : 0.002981418278068304
					validation loss : 47867.36399769883

				weight_decay : 1e-06
					training loss : 0.0025197570212185383
					validation loss : 32204.21949920104

			num_epochs : 20
				learning_rate : 0.01
				weight_decay : 1e-05
					training loss : 0.006710707675665617
					validation loss : 64689.88575099046

				weight_decay : 1e-06
					training loss : 0.005185173358768225
					validation loss : 57857.99960450179

				learning_rate : 0.001
				weight_decay : 1e-05
					training loss : 0.0031845890916883945
					validation loss : 34223.02906687028

				weight_decay : 1e-06
					training loss : 0.00317814270965755
					validation loss : 38871.025993506904

		batch_size : 512
			num_epochs : 5
				learning_rate : 0.01
				weight_decay : 1e-05
					training loss : 0.011325380764901638
					validation loss : 54691.09730831839

				weight_decay : 1e-06
					training loss : 0.010293915867805481
					validation loss : 50780.45566435128

				learning_rate : 0.001
				weight_decay : 1e-05
					training loss : 0.0030315069016069174
					validation loss : 39078.987705686464

				weight_decay : 1e-06
					training loss : 0.0030017930548638105
					validation loss : 39522.35951801008

			num_epochs : 10
				learning_rate : 0.01
				weight_decay : 1e-05
					training loss : 0.008974910713732243
					validation loss : 69295.27473934818

				weight_decay : 1e-06
					training loss : 0.005504772998392582
					validation loss : 57862.93806498548

				learning_rate : 0.001
				weight_decay : 1e-05
					training loss : 0.002862361026927829
					validation loss : 34522.112272446975

				weight_decay : 1e-06
					training loss : 0.002856660634279251
					validation loss : 36849.98300209621

			num_epochs : 15
				learning_rate : 0.01
				weight_decay : 1e-05
					training loss : 0.011439228430390358
					validation loss : 120500.43391602553

				weight_decay : 1e-06
					training loss : 0.005486995913088322
					validation loss : 113703.7976346931

				learning_rate : 0.001
				weight_decay : 1e-05
					training loss : 0.002433901187032461
					validation loss : 34808.4619440823

				weight_decay : 1e-06
					training loss : 0.003181744832545519
					validation loss : 34047.057396851014

			num_epochs : 20
				learning_rate : 0.01
				weight_decay : 1e-05
					training loss : 0.006429316010326147
					validation loss : 87048.937517399

				weight_decay : 1e-06
					training loss : 0.005963942036032677
					validation loss : 74951.87215636563

				learning_rate : 0.001
				weight_decay : 1e-05
					training loss : 0.003090792102739215
					validation loss : 33115.646107674125

				weight_decay : 1e-06
					training loss : 0.002421937882900238
					validation loss : 31662.67585537152

