n_layers : 3
	n_hidden : 16
		batch_size : 1024
			num_epochs : 5
				learning_rate : 0.01
				weight_decay : 1e-05
					training loss : 0.0014944524737074971
					validation loss : 3580.1640625

				weight_decay : 1e-06
					training loss : 0.00163544830866158
					validation loss : 3215.330322265625

				learning_rate : 0.001
				weight_decay : 1e-05
					training loss : 0.017911294475197792
					validation loss : 50901.39453125

				weight_decay : 1e-06
					training loss : 0.019958561286330223
					validation loss : 66817.1328125

			num_epochs : 10
				learning_rate : 0.01
				weight_decay : 1e-05
					training loss : 0.0013850779505446553
					validation loss : 2949.960205078125

				weight_decay : 1e-06
					training loss : 0.0011677187867462635
					validation loss : 3142.061279296875

				learning_rate : 0.001
				weight_decay : 1e-05
					training loss : 0.0052871983498334885
					validation loss : 4912.8046875

				weight_decay : 1e-06
					training loss : 0.004076491110026836
					validation loss : 5127.357421875

			num_epochs : 15
				learning_rate : 0.01
				weight_decay : 1e-05
					training loss : 0.0012417538091540337
					validation loss : 2907.24560546875

				weight_decay : 1e-06
					training loss : 0.0011270714458078146
					validation loss : 3038.3388671875

				learning_rate : 0.001
				weight_decay : 1e-05
					training loss : 0.009222419932484627
					validation loss : 6777.22802734375

				weight_decay : 1e-06
					training loss : 0.004988209810107946
					validation loss : 5702.3876953125

			num_epochs : 20
				learning_rate : 0.01
				weight_decay : 1e-05
					training loss : 0.0011004622792825103
					validation loss : 2921.027587890625

				weight_decay : 1e-06
					training loss : 0.0012413100339472294
					validation loss : 2881.327880859375

				learning_rate : 0.001
				weight_decay : 1e-05
					training loss : 0.0025918236933648586
					validation loss : 3840.218505859375

				weight_decay : 1e-06
					training loss : 0.0021134058479219675
					validation loss : 4121.48193359375

		batch_size : 512
			num_epochs : 5
				learning_rate : 0.01
				weight_decay : 1e-05
					training loss : 0.001707308692857623
					validation loss : 3128.162353515625

				weight_decay : 1e-06
					training loss : 0.0013239298714324832
					validation loss : 3025.876708984375

				learning_rate : 0.001
				weight_decay : 1e-05
					training loss : 0.004603309091180563
					validation loss : 5553.9716796875

				weight_decay : 1e-06
					training loss : 0.010167279280722141
					validation loss : 6219.763671875

			num_epochs : 10
				learning_rate : 0.01
				weight_decay : 1e-05
					training loss : 0.001274331472814083
					validation loss : 2831.30029296875

				weight_decay : 1e-06
					training loss : 0.00110165448859334
					validation loss : 2825.179931640625

				learning_rate : 0.001
				weight_decay : 1e-05
					training loss : 0.0025668798480182886
					validation loss : 4567.927734375

				weight_decay : 1e-06
					training loss : 0.0022016619332134724
					validation loss : 3632.37353515625

			num_epochs : 15
				learning_rate : 0.01
				weight_decay : 1e-05
					training loss : 0.0011078164679929614
					validation loss : 2857.970458984375

				weight_decay : 1e-06
					training loss : 0.0012158286990597844
					validation loss : 2816.111572265625

				learning_rate : 0.001
				weight_decay : 1e-05
					training loss : 0.0016924601513892412
					validation loss : 3887.30126953125

				weight_decay : 1e-06
					training loss : 0.0013207688461989164
					validation loss : 3303.814453125

			num_epochs : 20
				learning_rate : 0.01
				weight_decay : 1e-05
					training loss : 0.0011000160593539476
					validation loss : 2776.194580078125

				weight_decay : 1e-06
					training loss : 0.001222526771016419
					validation loss : 2810.785888671875

				learning_rate : 0.001
				weight_decay : 1e-05
					training loss : 0.002154508838430047
					validation loss : 3719.21923828125

				weight_decay : 1e-06
					training loss : 0.0013699012342840433
					validation loss : 3261.401611328125

		batch_size : 128
			num_epochs : 5
				learning_rate : 0.01
				weight_decay : 1e-05
					training loss : 0.0012188241817057133
					validation loss : 2968.556396484375

				weight_decay : 1e-06
					training loss : 0.001269558328203857
					validation loss : 2942.5546875

				learning_rate : 0.001
				weight_decay : 1e-05
					training loss : 0.0014381177024915814
					validation loss : 3505.319580078125

				weight_decay : 1e-06
					training loss : 0.0019127115374431014
					validation loss : 4051.48046875

			num_epochs : 10
				learning_rate : 0.01
				weight_decay : 1e-05
					training loss : 0.0011400853982195258
					validation loss : 2901.149169921875

				weight_decay : 1e-06
					training loss : 0.0009938356233760715
					validation loss : 2997.98486328125

				learning_rate : 0.001
				weight_decay : 1e-05
					training loss : 0.0010544590186327696
					validation loss : 2939.617919921875

				weight_decay : 1e-06
					training loss : 0.0011229971423745155
					validation loss : 2884.751953125

			num_epochs : 15
				learning_rate : 0.01
				weight_decay : 1e-05
					training loss : 0.0013040503254160285
					validation loss : 3058.199462890625

				weight_decay : 1e-06
					training loss : 0.0015563123160973191
					validation loss : 3115.88330078125

				learning_rate : 0.001
				weight_decay : 1e-05
					training loss : 0.0011051134206354618
					validation loss : 2903.28515625

				weight_decay : 1e-06
					training loss : 0.0011249383678659797
					validation loss : 2900.903076171875

			num_epochs : 20
				learning_rate : 0.01
				weight_decay : 1e-05
					training loss : 0.0016786790220066905
					validation loss : 3014.295166015625

				weight_decay : 1e-06
					training loss : 0.0014474394265562296
					validation loss : 3131.44580078125

				learning_rate : 0.001
				weight_decay : 1e-05
					training loss : 0.0011222863104194403
					validation loss : 2882.310791015625

				weight_decay : 1e-06
					training loss : 0.0011207222705706954
					validation loss : 2875.70556640625

	n_hidden : 32
		batch_size : 1024
			num_epochs : 5
				learning_rate : 0.01
				weight_decay : 1e-05
					training loss : 0.002426293445751071
					validation loss : 3257.39208984375

				weight_decay : 1e-06
					training loss : 0.0014536622911691666
					validation loss : 3241.493896484375

				learning_rate : 0.001
				weight_decay : 1e-05
					training loss : 0.007044816855341196
					validation loss : 6658.95556640625

				weight_decay : 1e-06
					training loss : 0.00567654799669981
					validation loss : 7266.9619140625

			num_epochs : 10
				learning_rate : 0.01
				weight_decay : 1e-05
					training loss : 0.001184663618914783
					validation loss : 3038.484619140625

				weight_decay : 1e-06
					training loss : 0.0010945404646918178
					validation loss : 2937.520751953125

				learning_rate : 0.001
				weight_decay : 1e-05
					training loss : 0.0018525868654251099
					validation loss : 4010.38671875

				weight_decay : 1e-06
					training loss : 0.0026115798391401768
					validation loss : 4647.30908203125

			num_epochs : 15
				learning_rate : 0.01
				weight_decay : 1e-05
					training loss : 0.0010202344274148345
					validation loss : 2869.330322265625

				weight_decay : 1e-06
					training loss : 0.0011646791826933622
					validation loss : 2819.342529296875

				learning_rate : 0.001
				weight_decay : 1e-05
					training loss : 0.0019400313030928373
					validation loss : 3799.00341796875

				weight_decay : 1e-06
					training loss : 0.0018836511299014091
					validation loss : 3846.902587890625

			num_epochs : 20
				learning_rate : 0.01
				weight_decay : 1e-05
					training loss : 0.0011351177236065269
					validation loss : 2780.725830078125

				weight_decay : 1e-06
					training loss : 0.0010384205961599946
					validation loss : 2962.482421875

				learning_rate : 0.001
				weight_decay : 1e-05
					training loss : 0.0015910255024209619
					validation loss : 3431.4501953125

				weight_decay : 1e-06
					training loss : 0.0016595007618889213
					validation loss : 3603.082763671875

		batch_size : 512
			num_epochs : 5
				learning_rate : 0.01
				weight_decay : 1e-05
					training loss : 0.0011523519642651081
					validation loss : 2875.3125

				weight_decay : 1e-06
					training loss : 0.0010812836699187756
					validation loss : 2974.882568359375

				learning_rate : 0.001
				weight_decay : 1e-05
					training loss : 0.0017217490822076797
					validation loss : 4079.754150390625

				weight_decay : 1e-06
					training loss : 0.0024110227823257446
					validation loss : 4564.2197265625

			num_epochs : 10
				learning_rate : 0.01
				weight_decay : 1e-05
					training loss : 0.001148074516095221
					validation loss : 2850.872802734375

				weight_decay : 1e-06
					training loss : 0.0010928052943199873
					validation loss : 2852.374755859375

				learning_rate : 0.001
				weight_decay : 1e-05
					training loss : 0.0013522644294425845
					validation loss : 3532.50048828125

				weight_decay : 1e-06
					training loss : 0.002337201964110136
					validation loss : 3976.31298828125

			num_epochs : 15
				learning_rate : 0.01
				weight_decay : 1e-05
					training loss : 0.0011190983932465315
					validation loss : 2835.008544921875

				weight_decay : 1e-06
					training loss : 0.0011213349644094706
					validation loss : 2847.81884765625

				learning_rate : 0.001
				weight_decay : 1e-05
					training loss : 0.0012119539314880967
					validation loss : 3142.8466796875

				weight_decay : 1e-06
					training loss : 0.0013291154755279422
					validation loss : 3097.673095703125

			num_epochs : 20
				learning_rate : 0.01
				weight_decay : 1e-05
					training loss : 0.001242300495505333
					validation loss : 2804.0673828125

				weight_decay : 1e-06
					training loss : 0.0011510372860357165
					validation loss : 2836.34619140625

				learning_rate : 0.001
				weight_decay : 1e-05
					training loss : 0.0011414038017392159
					validation loss : 2971.47216796875

				weight_decay : 1e-06
					training loss : 0.0010445904918015003
					validation loss : 2944.000732421875

		batch_size : 128
			num_epochs : 5
				learning_rate : 0.01
				weight_decay : 1e-05
					training loss : 0.0010824011405929923
					validation loss : 3236.436279296875

				weight_decay : 1e-06
					training loss : 0.0012279371730983257
					validation loss : 3198.760986328125

				learning_rate : 0.001
				weight_decay : 1e-05
					training loss : 0.0010677337413653731
					validation loss : 2979.844482421875

				weight_decay : 1e-06
					training loss : 0.0010888478718698025
					validation loss : 3015.246826171875

			num_epochs : 10
				learning_rate : 0.01
				weight_decay : 1e-05
					training loss : 0.001563398982398212
					validation loss : 3466.174560546875

				weight_decay : 1e-06
					training loss : 0.0010080456268042326
					validation loss : 3303.91259765625

				learning_rate : 0.001
				weight_decay : 1e-05
					training loss : 0.0010597247164696455
					validation loss : 2925.569091796875

				weight_decay : 1e-06
					training loss : 0.0010846677469089627
					validation loss : 2918.67236328125

			num_epochs : 15
				learning_rate : 0.01
				weight_decay : 1e-05
					training loss : 0.001700021093711257
					validation loss : 3048.014404296875

				weight_decay : 1e-06
					training loss : 0.0013534037861973047
					validation loss : 2922.5380859375

				learning_rate : 0.001
				weight_decay : 1e-05
					training loss : 0.0011058615054935217
					validation loss : 2911.510009765625

				weight_decay : 1e-06
					training loss : 0.001107150106690824
					validation loss : 2911.185302734375

			num_epochs : 20
				learning_rate : 0.01
				weight_decay : 1e-05
					training loss : 0.0013347765197977424
					validation loss : 3225.2724609375

				weight_decay : 1e-06
					training loss : 0.0014560099225491285
					validation loss : 2978.179931640625

				learning_rate : 0.001
				weight_decay : 1e-05
					training loss : 0.0010998796205967665
					validation loss : 2899.5458984375

				weight_decay : 1e-06
					training loss : 0.001095288316719234
					validation loss : 2910.39306640625

	n_hidden : 64
		batch_size : 1024
			num_epochs : 5
				learning_rate : 0.01
				weight_decay : 1e-05
					training loss : 0.004781847819685936
					validation loss : 8223.6767578125

				weight_decay : 1e-06
					training loss : 0.003287875559180975
					validation loss : 4616.7724609375

				learning_rate : 0.001
				weight_decay : 1e-05
					training loss : 0.002469064900651574
					validation loss : 4552.87548828125

				weight_decay : 1e-06
					training loss : 0.001843606703914702
					validation loss : 4287.49853515625

			num_epochs : 10
				learning_rate : 0.01
				weight_decay : 1e-05
					training loss : 0.006903293076902628
					validation loss : 6817.28369140625

				weight_decay : 1e-06
					training loss : 0.02915225736796856
					validation loss : 15264.9755859375

				learning_rate : 0.001
				weight_decay : 1e-05
					training loss : 0.001422422006726265
					validation loss : 3445.822998046875

				weight_decay : 1e-06
					training loss : 0.0014112412463873625
					validation loss : 3514.87646484375

			num_epochs : 15
				learning_rate : 0.01
				weight_decay : 1e-05
					training loss : 0.008792204782366753
					validation loss : 10069.3466796875

				weight_decay : 1e-06
					training loss : 0.0018054768443107605
					validation loss : 5047.95458984375

				learning_rate : 0.001
				weight_decay : 1e-05
					training loss : 0.0013704494340345263
					validation loss : 3433.01318359375

				weight_decay : 1e-06
					training loss : 0.001358332228846848
					validation loss : 3365.30224609375

			num_epochs : 20
				learning_rate : 0.01
				weight_decay : 1e-05
					training loss : 0.0038644622545689344
					validation loss : 5109.03564453125

				weight_decay : 1e-06
					training loss : 0.0077353715896606445
					validation loss : 4969.75146484375

				learning_rate : 0.001
				weight_decay : 1e-05
					training loss : 0.0011722574708983302
					validation loss : 2954.341796875

				weight_decay : 1e-06
					training loss : 0.0013797823339700699
					validation loss : 3294.50341796875

		batch_size : 512
			num_epochs : 5
				learning_rate : 0.01
				weight_decay : 1e-05
					training loss : 0.002343354746699333
					validation loss : 4317.34619140625

				weight_decay : 1e-06
					training loss : 0.001482987543568015
					validation loss : 2991.15869140625

				learning_rate : 0.001
				weight_decay : 1e-05
					training loss : 0.0017119222320616245
					validation loss : 4232.427734375

				weight_decay : 1e-06
					training loss : 0.0015487485798075795
					validation loss : 3897.1572265625

			num_epochs : 10
				learning_rate : 0.01
				weight_decay : 1e-05
					training loss : 0.0014873234322294593
					validation loss : 3205.379638671875

				weight_decay : 1e-06
					training loss : 0.0047507742419838905
					validation loss : 12256.8515625

				learning_rate : 0.001
				weight_decay : 1e-05
					training loss : 0.001183811342343688
					validation loss : 3005.03857421875

				weight_decay : 1e-06
					training loss : 0.001195192919112742
					validation loss : 3003.110595703125

			num_epochs : 15
				learning_rate : 0.01
				weight_decay : 1e-05
					training loss : 0.0024949489161372185
					validation loss : 5435.60595703125

				weight_decay : 1e-06
					training loss : 0.00408050324767828
					validation loss : 5122.91162109375

				learning_rate : 0.001
				weight_decay : 1e-05
					training loss : 0.001141954679042101
					validation loss : 2933.75390625

				weight_decay : 1e-06
					training loss : 0.0012937376741319895
					validation loss : 3085.48046875

			num_epochs : 20
				learning_rate : 0.01
				weight_decay : 1e-05
					training loss : 0.0012388161849230528
					validation loss : 3114.2421875

				weight_decay : 1e-06
					training loss : 0.0015195150626823306
					validation loss : 5308.9052734375

				learning_rate : 0.001
				weight_decay : 1e-05
					training loss : 0.0010981345549225807
					validation loss : 2839.9697265625

				weight_decay : 1e-06
					training loss : 0.0011071210028603673
					validation loss : 2846.13330078125

		batch_size : 128
			num_epochs : 5
				learning_rate : 0.01
				weight_decay : 1e-05
					training loss : 0.0010333036771044135
					validation loss : 2946.23681640625

				weight_decay : 1e-06
					training loss : 0.0011787601979449391
					validation loss : 3117.878173828125

				learning_rate : 0.001
				weight_decay : 1e-05
					training loss : 0.0010240444680675864
					validation loss : 2995.4619140625

				weight_decay : 1e-06
					training loss : 0.0011021581012755632
					validation loss : 2965.669921875

			num_epochs : 10
				learning_rate : 0.01
				weight_decay : 1e-05
					training loss : 0.0012934427941218019
					validation loss : 3101.722900390625

				weight_decay : 1e-06
					training loss : 0.0018108650110661983
					validation loss : 3663.602783203125

				learning_rate : 0.001
				weight_decay : 1e-05
					training loss : 0.0010699352715164423
					validation loss : 2927.847412109375

				weight_decay : 1e-06
					training loss : 0.0011181820882484317
					validation loss : 2935.02587890625

			num_epochs : 15
				learning_rate : 0.01
				weight_decay : 1e-05
					training loss : 0.024997994303703308
					validation loss : 75720.9296875

				weight_decay : 1e-06
					training loss : 0.0012520609889179468
					validation loss : 3579.90185546875

				learning_rate : 0.001
				weight_decay : 1e-05
					training loss : 0.0011774604208767414
					validation loss : 3183.588623046875

				weight_decay : 1e-06
					training loss : 0.0010879961773753166
					validation loss : 2918.41748046875

			num_epochs : 20
				learning_rate : 0.01
				weight_decay : 1e-05
					training loss : 0.0014022133545950055
					validation loss : 3106.900146484375

				weight_decay : 1e-06
					training loss : 0.0016611695755273104
					validation loss : 3753.331787109375

				learning_rate : 0.001
				weight_decay : 1e-05
					training loss : 0.0010895318118855357
					validation loss : 2930.012939453125

				weight_decay : 1e-06
					training loss : 0.0011169331846758723
					validation loss : 2924.005859375

	n_hidden : 128
		batch_size : 1024
			num_epochs : 5
				learning_rate : 0.01
				weight_decay : 1e-05
					training loss : 0.02294224128127098
					validation loss : 71930.7421875

				weight_decay : 1e-06
					training loss : 0.020687876269221306
					validation loss : 71749.1328125

				learning_rate : 0.001
				weight_decay : 1e-05
					training loss : 0.00149867357686162
					validation loss : 3589.59521484375

				weight_decay : 1e-06
					training loss : 0.0022594525944441557
					validation loss : 3970.662841796875

			num_epochs : 10
				learning_rate : 0.01
				weight_decay : 1e-05
					training loss : 0.02327779307961464
					validation loss : 81878.3671875

				weight_decay : 1e-06
					training loss : 0.020457899197936058
					validation loss : 71880.0390625

				learning_rate : 0.001
				weight_decay : 1e-05
					training loss : 0.001435410580597818
					validation loss : 3283.1083984375

				weight_decay : 1e-06
					training loss : 0.0014492457266896963
					validation loss : 3434.759521484375

			num_epochs : 15
				learning_rate : 0.01
				weight_decay : 1e-05
					training loss : 0.03397226706147194
					validation loss : 87244.6484375

				weight_decay : 1e-06
					training loss : 0.02112407237291336
					validation loss : 33889.36328125

				learning_rate : 0.001
				weight_decay : 1e-05
					training loss : 0.0012255628826096654
					validation loss : 2963.46533203125

				weight_decay : 1e-06
					training loss : 0.0011347539257258177
					validation loss : 2895.039794921875

			num_epochs : 20
				learning_rate : 0.01
				weight_decay : 1e-05
					training loss : 0.03283970430493355
					validation loss : 75732.484375

				weight_decay : 1e-06
					training loss : 0.02743038907647133
					validation loss : 88180.7578125

				learning_rate : 0.001
				weight_decay : 1e-05
					training loss : 0.0011379050556570292
					validation loss : 2911.2099609375

				weight_decay : 1e-06
					training loss : 0.0010611176257953048
					validation loss : 2880.198974609375

		batch_size : 512
			num_epochs : 5
				learning_rate : 0.01
				weight_decay : 1e-05
					training loss : 0.026098743081092834
					validation loss : 71757.234375

				weight_decay : 1e-06
					training loss : 0.022076217457652092
					validation loss : 74773.65625

				learning_rate : 0.001
				weight_decay : 1e-05
					training loss : 0.0015650512650609016
					validation loss : 3592.2880859375

				weight_decay : 1e-06
					training loss : 0.0014638729626312852
					validation loss : 3390.83642578125

			num_epochs : 10
				learning_rate : 0.01
				weight_decay : 1e-05
					training loss : 0.027035923674702644
					validation loss : 71700.734375

				weight_decay : 1e-06
					training loss : 0.023387037217617035
					validation loss : 78835.828125

				learning_rate : 0.001
				weight_decay : 1e-05
					training loss : 0.0012323264963924885
					validation loss : 3006.25537109375

				weight_decay : 1e-06
					training loss : 0.0011545461602509022
					validation loss : 2858.718505859375

			num_epochs : 15
				learning_rate : 0.01
				weight_decay : 1e-05
					training loss : 0.024242613464593887
					validation loss : 72381.4765625

				weight_decay : 1e-06
					training loss : 0.004001813940703869
					validation loss : 5922.89697265625

				learning_rate : 0.001
				weight_decay : 1e-05
					training loss : 0.001091758138500154
					validation loss : 2865.684326171875

				weight_decay : 1e-06
					training loss : 0.0010907611576840281
					validation loss : 2860.80224609375

			num_epochs : 20
				learning_rate : 0.01
				weight_decay : 1e-05
					training loss : 0.02227400429546833
					validation loss : 80285.703125

				weight_decay : 1e-06
					training loss : 0.022484606131911278
					validation loss : 76263.578125

				learning_rate : 0.001
				weight_decay : 1e-05
					training loss : 0.0011296839220449328
					validation loss : 2882.442138671875

				weight_decay : 1e-06
					training loss : 0.0012037273263558745
					validation loss : 2881.42724609375

		batch_size : 128
			num_epochs : 5
				learning_rate : 0.01
				weight_decay : 1e-05
					training loss : 0.05773688480257988
					validation loss : 87093.4921875

				weight_decay : 1e-06
					training loss : 0.05345823988318443
					validation loss : 77758.0546875

				learning_rate : 0.001
				weight_decay : 1e-05
					training loss : 0.00119531131349504
					validation loss : 3020.197021484375

				weight_decay : 1e-06
					training loss : 0.0011395139154046774
					validation loss : 2992.95263671875

			num_epochs : 10
				learning_rate : 0.01
				weight_decay : 1e-05
					training loss : 0.05469353497028351
					validation loss : 76760.3203125

				weight_decay : 1e-06
					training loss : 0.054148249328136444
					validation loss : 76710.984375

				learning_rate : 0.001
				weight_decay : 1e-05
					training loss : 0.0011147131444886327
					validation loss : 2952.74853515625

				weight_decay : 1e-06
					training loss : 0.001114002661779523
					validation loss : 2933.935791015625

			num_epochs : 15
				learning_rate : 0.01
				weight_decay : 1e-05
					training loss : 0.0023026575800031424
					validation loss : 6505.19091796875

				weight_decay : 1e-06
					training loss : 0.0019381495658308268
					validation loss : 5167.91650390625

				learning_rate : 0.001
				weight_decay : 1e-05
					training loss : 0.001124511705711484
					validation loss : 2929.67529296875

				weight_decay : 1e-06
					training loss : 0.0011165058240294456
					validation loss : 2925.37060546875

			num_epochs : 20
				learning_rate : 0.01
				weight_decay : 1e-05
					training loss : 0.05795178934931755
					validation loss : 77343.5703125

				weight_decay : 1e-06
					training loss : 0.024221235886216164
					validation loss : 73293.4765625

				learning_rate : 0.001
				weight_decay : 1e-05
					training loss : 0.0010935635073110461
					validation loss : 2941.516357421875

				weight_decay : 1e-06
					training loss : 0.0010382544714957476
					validation loss : 3007.20849609375

n_layers : 4
	n_hidden : 16
		batch_size : 1024
			num_epochs : 5
				learning_rate : 0.01
				weight_decay : 1e-05
					training loss : 0.0024701321963220835
					validation loss : 3543.793701171875

				weight_decay : 1e-06
					training loss : 0.0017355374293401837
					validation loss : 3138.781005859375

				learning_rate : 0.001
				weight_decay : 1e-05
					training loss : 0.010226360522210598
					validation loss : 18573.63671875

				weight_decay : 1e-06
					training loss : 0.007412781473249197
					validation loss : 11214.1435546875

			num_epochs : 10
				learning_rate : 0.01
				weight_decay : 1e-05
					training loss : 0.0015005412278696895
					validation loss : 3036.165283203125

				weight_decay : 1e-06
					training loss : 0.0015000271378085017
					validation loss : 3205.027099609375

				learning_rate : 0.001
				weight_decay : 1e-05
					training loss : 0.004466160666197538
					validation loss : 5680.0390625

				weight_decay : 1e-06
					training loss : 0.0035091012250632048
					validation loss : 4454.12548828125

			num_epochs : 15
				learning_rate : 0.01
				weight_decay : 1e-05
					training loss : 0.0015084241749718785
					validation loss : 2795.390625

				weight_decay : 1e-06
					training loss : 0.0013569406000897288
					validation loss : 2768.052978515625

				learning_rate : 0.001
				weight_decay : 1e-05
					training loss : 0.003480857703834772
					validation loss : 5102.1787109375

				weight_decay : 1e-06
					training loss : 0.004398784134536982
					validation loss : 4865.2373046875

			num_epochs : 20
				learning_rate : 0.01
				weight_decay : 1e-05
					training loss : 0.0011569688795134425
					validation loss : 3087.8388671875

				weight_decay : 1e-06
					training loss : 0.0012669783318415284
					validation loss : 2805.546630859375

				learning_rate : 0.001
				weight_decay : 1e-05
					training loss : 0.0017254725098609924
					validation loss : 3486.909423828125

				weight_decay : 1e-06
					training loss : 0.0041579133830964565
					validation loss : 4718.20361328125

		batch_size : 512
			num_epochs : 5
				learning_rate : 0.01
				weight_decay : 1e-05
					training loss : 0.0011355695314705372
					validation loss : 2903.5634765625

				weight_decay : 1e-06
					training loss : 0.0013788945507258177
					validation loss : 2887.0732421875

				learning_rate : 0.001
				weight_decay : 1e-05
					training loss : 0.007898304611444473
					validation loss : 9784.5029296875

				weight_decay : 1e-06
					training loss : 0.00872623361647129
					validation loss : 9795.958984375

			num_epochs : 10
				learning_rate : 0.01
				weight_decay : 1e-05
					training loss : 0.0012270909501239657
					validation loss : 2829.2099609375

				weight_decay : 1e-06
					training loss : 0.001307555241510272
					validation loss : 2816.490478515625

				learning_rate : 0.001
				weight_decay : 1e-05
					training loss : 0.00475856801494956
					validation loss : 4439.572265625

				weight_decay : 1e-06
					training loss : 0.0024254529271274805
					validation loss : 4062.547119140625

			num_epochs : 15
				learning_rate : 0.01
				weight_decay : 1e-05
					training loss : 0.001228583394549787
					validation loss : 2771.97119140625

				weight_decay : 1e-06
					training loss : 0.0016659332904964685
					validation loss : 3019.186279296875

				learning_rate : 0.001
				weight_decay : 1e-05
					training loss : 0.0023595604579895735
					validation loss : 3744.354248046875

				weight_decay : 1e-06
					training loss : 0.0025878404267132282
					validation loss : 3955.77978515625

			num_epochs : 20
				learning_rate : 0.01
				weight_decay : 1e-05
					training loss : 0.0013651330955326557
					validation loss : 2799.9521484375

				weight_decay : 1e-06
					training loss : 0.0013341178419068456
					validation loss : 2797.201904296875

				learning_rate : 0.001
				weight_decay : 1e-05
					training loss : 0.0012921284651383758
					validation loss : 3206.856201171875

				weight_decay : 1e-06
					training loss : 0.002242808695882559
					validation loss : 3564.819580078125

		batch_size : 128
			num_epochs : 5
				learning_rate : 0.01
				weight_decay : 1e-05
					training loss : 0.0014166557230055332
					validation loss : 3303.04736328125

				weight_decay : 1e-06
					training loss : 0.001345214550383389
					validation loss : 3018.33837890625

				learning_rate : 0.001
				weight_decay : 1e-05
					training loss : 0.0018290507141500711
					validation loss : 4082.017822265625

				weight_decay : 1e-06
					training loss : 0.0012879616115242243
					validation loss : 3237.801513671875

			num_epochs : 10
				learning_rate : 0.01
				weight_decay : 1e-05
					training loss : 0.0013927494874224067
					validation loss : 3436.337158203125

				weight_decay : 1e-06
					training loss : 0.0013179193483665586
					validation loss : 2917.31982421875

				learning_rate : 0.001
				weight_decay : 1e-05
					training loss : 0.0011332386638969183
					validation loss : 2859.016357421875

				weight_decay : 1e-06
					training loss : 0.0011086391750723124
					validation loss : 2921.39892578125

			num_epochs : 15
				learning_rate : 0.01
				weight_decay : 1e-05
					training loss : 0.0015907667111605406
					validation loss : 3379.09375

				weight_decay : 1e-06
					training loss : 0.0015552293043583632
					validation loss : 2876.05859375

				learning_rate : 0.001
				weight_decay : 1e-05
					training loss : 0.0011621847515925765
					validation loss : 2864.81298828125

				weight_decay : 1e-06
					training loss : 0.001146121183410287
					validation loss : 2885.163330078125

			num_epochs : 20
				learning_rate : 0.01
				weight_decay : 1e-05
					training loss : 0.0014613670064136386
					validation loss : 2895.208740234375

				weight_decay : 1e-06
					training loss : 0.0014910551253706217
					validation loss : 3413.725341796875

				learning_rate : 0.001
				weight_decay : 1e-05
					training loss : 0.0011802897788584232
					validation loss : 2863.211669921875

				weight_decay : 1e-06
					training loss : 0.001217760844156146
					validation loss : 2788.285888671875

	n_hidden : 32
		batch_size : 1024
			num_epochs : 5
				learning_rate : 0.01
				weight_decay : 1e-05
					training loss : 0.0021725089754909277
					validation loss : 3447.222412109375

				weight_decay : 1e-06
					training loss : 0.0017174780368804932
					validation loss : 3451.827880859375

				learning_rate : 0.001
				weight_decay : 1e-05
					training loss : 0.0027583357878029346
					validation loss : 5286.17333984375

				weight_decay : 1e-06
					training loss : 0.009945429861545563
					validation loss : 8610.947265625

			num_epochs : 10
				learning_rate : 0.01
				weight_decay : 1e-05
					training loss : 0.0012360996333882213
					validation loss : 2789.59375

				weight_decay : 1e-06
					training loss : 0.0014308603713288903
					validation loss : 2902.4638671875

				learning_rate : 0.001
				weight_decay : 1e-05
					training loss : 0.002305025700479746
					validation loss : 4088.26953125

				weight_decay : 1e-06
					training loss : 0.00289709959179163
					validation loss : 4123.669921875

			num_epochs : 15
				learning_rate : 0.01
				weight_decay : 1e-05
					training loss : 0.0011648412328213453
					validation loss : 2803.305419921875

				weight_decay : 1e-06
					training loss : 0.0010773362591862679
					validation loss : 2814.804443359375

				learning_rate : 0.001
				weight_decay : 1e-05
					training loss : 0.002101974096149206
					validation loss : 3849.731689453125

				weight_decay : 1e-06
					training loss : 0.002560923807322979
					validation loss : 4247.93115234375

			num_epochs : 20
				learning_rate : 0.01
				weight_decay : 1e-05
					training loss : 0.001077085267752409
					validation loss : 2805.232177734375

				weight_decay : 1e-06
					training loss : 0.0011016748612746596
					validation loss : 2976.12451171875

				learning_rate : 0.001
				weight_decay : 1e-05
					training loss : 0.0017662495374679565
					validation loss : 3434.2158203125

				weight_decay : 1e-06
					training loss : 0.0016335872933268547
					validation loss : 3554.660888671875

		batch_size : 512
			num_epochs : 5
				learning_rate : 0.01
				weight_decay : 1e-05
					training loss : 0.0012230775319039822
					validation loss : 2840.24365234375

				weight_decay : 1e-06
					training loss : 0.0010026725940406322
					validation loss : 2954.28125

				learning_rate : 0.001
				weight_decay : 1e-05
					training loss : 0.0017890323651954532
					validation loss : 4083.309326171875

				weight_decay : 1e-06
					training loss : 0.0021028064657002687
					validation loss : 4612.0009765625

			num_epochs : 10
				learning_rate : 0.01
				weight_decay : 1e-05
					training loss : 0.0011960751144215465
					validation loss : 3484.560302734375

				weight_decay : 1e-06
					training loss : 0.0011544402223080397
					validation loss : 2863.293701171875

				learning_rate : 0.001
				weight_decay : 1e-05
					training loss : 0.0013853877317160368
					validation loss : 3816.524169921875

				weight_decay : 1e-06
					training loss : 0.0016783103346824646
					validation loss : 3330.97802734375

			num_epochs : 15
				learning_rate : 0.01
				weight_decay : 1e-05
					training loss : 0.0011506720911711454
					validation loss : 2825.228515625

				weight_decay : 1e-06
					training loss : 0.0013276019599288702
					validation loss : 3368.40869140625

				learning_rate : 0.001
				weight_decay : 1e-05
					training loss : 0.0013604118721559644
					validation loss : 3075.940185546875

				weight_decay : 1e-06
					training loss : 0.001121067558415234
					validation loss : 2873.679931640625

			num_epochs : 20
				learning_rate : 0.01
				weight_decay : 1e-05
					training loss : 0.0011419648071750998
					validation loss : 2842.803466796875

				weight_decay : 1e-06
					training loss : 0.0013924200320616364
					validation loss : 3141.30419921875

				learning_rate : 0.001
				weight_decay : 1e-05
					training loss : 0.0011411437299102545
					validation loss : 2826.44091796875

				weight_decay : 1e-06
					training loss : 0.0011436138302087784
					validation loss : 2866.56103515625

		batch_size : 128
			num_epochs : 5
				learning_rate : 0.01
				weight_decay : 1e-05
					training loss : 0.0012700081570073962
					validation loss : 3441.93798828125

				weight_decay : 1e-06
					training loss : 0.0011133995139971375
					validation loss : 3155.266357421875

				learning_rate : 0.001
				weight_decay : 1e-05
					training loss : 0.0010178242810070515
					validation loss : 2942.78662109375

				weight_decay : 1e-06
					training loss : 0.0011622280580922961
					validation loss : 2898.0869140625

			num_epochs : 10
				learning_rate : 0.01
				weight_decay : 1e-05
					training loss : 0.0016490367706865072
					validation loss : 4384.8212890625

				weight_decay : 1e-06
					training loss : 0.0014598845737054944
					validation loss : 3540.37158203125

				learning_rate : 0.001
				weight_decay : 1e-05
					training loss : 0.001085570314899087
					validation loss : 2904.330078125

				weight_decay : 1e-06
					training loss : 0.001080091344192624
					validation loss : 2898.476318359375

			num_epochs : 15
				learning_rate : 0.01
				weight_decay : 1e-05
					training loss : 0.0019112328300252557
					validation loss : 3311.977783203125

				weight_decay : 1e-06
					training loss : 0.0015049789799377322
					validation loss : 3153.515625

				learning_rate : 0.001
				weight_decay : 1e-05
					training loss : 0.0010792181128636003
					validation loss : 2904.404541015625

				weight_decay : 1e-06
					training loss : 0.0010971114970743656
					validation loss : 2893.953125

			num_epochs : 20
				learning_rate : 0.01
				weight_decay : 1e-05
					training loss : 0.0016087470576167107
					validation loss : 3731.958984375

				weight_decay : 1e-06
					training loss : 0.0014186064945533872
					validation loss : 2937.208251953125

				learning_rate : 0.001
				weight_decay : 1e-05
					training loss : 0.0011001882376149297
					validation loss : 2883.6396484375

				weight_decay : 1e-06
					training loss : 0.0011005894048139453
					validation loss : 2874.3544921875

	n_hidden : 64
		batch_size : 1024
			num_epochs : 5
				learning_rate : 0.01
				weight_decay : 1e-05
					training loss : 0.021644018590450287
					validation loss : 71809.1328125

				weight_decay : 1e-06
					training loss : 0.020274069160223007
					validation loss : 70019.46875

				learning_rate : 0.001
				weight_decay : 1e-05
					training loss : 0.0028446149080991745
					validation loss : 4381.62939453125

				weight_decay : 1e-06
					training loss : 0.002040714956820011
					validation loss : 4834.36083984375

			num_epochs : 10
				learning_rate : 0.01
				weight_decay : 1e-05
					training loss : 0.017918944358825684
					validation loss : 71994.3671875

				weight_decay : 1e-06
					training loss : 0.019879277795553207
					validation loss : 71826.40625

				learning_rate : 0.001
				weight_decay : 1e-05
					training loss : 0.001645239070057869
					validation loss : 3708.06103515625

				weight_decay : 1e-06
					training loss : 0.001709242700599134
					validation loss : 3765.987548828125

			num_epochs : 15
				learning_rate : 0.01
				weight_decay : 1e-05
					training loss : 0.0205294881016016
					validation loss : 67265.0

				weight_decay : 1e-06
					training loss : 0.005032265558838844
					validation loss : 10839.705078125

				learning_rate : 0.001
				weight_decay : 1e-05
					training loss : 0.0013266619062051177
					validation loss : 3224.846435546875

				weight_decay : 1e-06
					training loss : 0.0013326401822268963
					validation loss : 3605.222900390625

			num_epochs : 20
				learning_rate : 0.01
				weight_decay : 1e-05
					training loss : 0.0018994063138961792
					validation loss : 3570.367919921875

				weight_decay : 1e-06
					training loss : 0.0025488713290542364
					validation loss : 7867.49169921875

				learning_rate : 0.001
				weight_decay : 1e-05
					training loss : 0.0012425852473825216
					validation loss : 3251.51806640625

				weight_decay : 1e-06
					training loss : 0.0011730858823284507
					validation loss : 2981.080322265625

		batch_size : 512
			num_epochs : 5
				learning_rate : 0.01
				weight_decay : 1e-05
					training loss : 0.012800144962966442
					validation loss : 13941.9697265625

				weight_decay : 1e-06
					training loss : 0.008678941056132317
					validation loss : 20276.4375

				learning_rate : 0.001
				weight_decay : 1e-05
					training loss : 0.0019284124718979
					validation loss : 4204.2314453125

				weight_decay : 1e-06
					training loss : 0.00188462994992733
					validation loss : 4140.1337890625

			num_epochs : 10
				learning_rate : 0.01
				weight_decay : 1e-05
					training loss : 0.0019686371088027954
					validation loss : 4046.466064453125

				weight_decay : 1e-06
					training loss : 0.03776805102825165
					validation loss : 91030.484375

				learning_rate : 0.001
				weight_decay : 1e-05
					training loss : 0.0013191051548346877
					validation loss : 3133.080322265625

				weight_decay : 1e-06
					training loss : 0.00158288876991719
					validation loss : 3300.383056640625

			num_epochs : 15
				learning_rate : 0.01
				weight_decay : 1e-05
					training loss : 0.0014821644872426987
					validation loss : 3373.4775390625

				weight_decay : 1e-06
					training loss : 0.043207891285419464
					validation loss : 94444.765625

				learning_rate : 0.001
				weight_decay : 1e-05
					training loss : 0.0010924356756731868
					validation loss : 2862.546630859375

				weight_decay : 1e-06
					training loss : 0.0010670172050595284
					validation loss : 2832.49365234375

			num_epochs : 20
				learning_rate : 0.01
				weight_decay : 1e-05
					training loss : 0.02193247154355049
					validation loss : 72574.453125

				weight_decay : 1e-06
					training loss : 0.02344455197453499
					validation loss : 76823.71875

				learning_rate : 0.001
				weight_decay : 1e-05
					training loss : 0.001095780753530562
					validation loss : 2844.22998046875

				weight_decay : 1e-06
					training loss : 0.0011162323644384742
					validation loss : 2835.13037109375

		batch_size : 128
			num_epochs : 5
				learning_rate : 0.01
				weight_decay : 1e-05
					training loss : 0.0014142361469566822
					validation loss : 3390.980712890625

				weight_decay : 1e-06
					training loss : 0.0036949748173356056
					validation loss : 6236.49658203125

				learning_rate : 0.001
				weight_decay : 1e-05
					training loss : 0.0011166483163833618
					validation loss : 2982.306884765625

				weight_decay : 1e-06
					training loss : 0.001079829060472548
					validation loss : 2933.720947265625

			num_epochs : 10
				learning_rate : 0.01
				weight_decay : 1e-05
					training loss : 0.022867141291499138
					validation loss : 72410.8828125

				weight_decay : 1e-06
					training loss : 0.0014287427766248584
					validation loss : 3598.0439453125

				learning_rate : 0.001
				weight_decay : 1e-05
					training loss : 0.0010415504220873117
					validation loss : 2938.9208984375

				weight_decay : 1e-06
					training loss : 0.0010980403749272227
					validation loss : 2941.4521484375

			num_epochs : 15
				learning_rate : 0.01
				weight_decay : 1e-05
					training loss : 0.02232004515826702
					validation loss : 73249.59375

				weight_decay : 1e-06
					training loss : 0.0013493632432073355
					validation loss : 3363.64306640625

				learning_rate : 0.001
				weight_decay : 1e-05
					training loss : 0.0011505678994581103
					validation loss : 3156.44970703125

				weight_decay : 1e-06
					training loss : 0.0010748672066256404
					validation loss : 3066.19775390625

			num_epochs : 20
				learning_rate : 0.01
				weight_decay : 1e-05
					training loss : 0.03260299935936928
					validation loss : 72562.8203125

				weight_decay : 1e-06
					training loss : 0.025285663083195686
					validation loss : 76511.40625

				learning_rate : 0.001
				weight_decay : 1e-05
					training loss : 0.0010992803145200014
					validation loss : 2906.640869140625

				weight_decay : 1e-06
					training loss : 0.001098709530197084
					validation loss : 3015.846435546875

	n_hidden : 128
		batch_size : 1024
			num_epochs : 5
				learning_rate : 0.01
				weight_decay : 1e-05
					training loss : 0.021731946617364883
					validation loss : 71744.140625

				weight_decay : 1e-06
					training loss : 0.05100858956575394
					validation loss : 92350.03125

				learning_rate : 0.001
				weight_decay : 1e-05
					training loss : 0.0025277058593928814
					validation loss : 4196.6591796875

				weight_decay : 1e-06
					training loss : 0.0018033958040177822
					validation loss : 3934.226318359375

			num_epochs : 10
				learning_rate : 0.01
				weight_decay : 1e-05
					training loss : 0.020801231265068054
					validation loss : 71990.0078125

				weight_decay : 1e-06
					training loss : 0.02197043038904667
					validation loss : 76171.96875

				learning_rate : 0.001
				weight_decay : 1e-05
					training loss : 0.0011952315689995885
					validation loss : 3162.20458984375

				weight_decay : 1e-06
					training loss : 0.0012640091590583324
					validation loss : 3059.77783203125

			num_epochs : 15
				learning_rate : 0.01
				weight_decay : 1e-05
					training loss : 0.03255710378289223
					validation loss : 90210.484375

				weight_decay : 1e-06
					training loss : 0.02084503509104252
					validation loss : 74458.34375

				learning_rate : 0.001
				weight_decay : 1e-05
					training loss : 0.0011709772516041994
					validation loss : 2938.87646484375

				weight_decay : 1e-06
					training loss : 0.0011538488324731588
					validation loss : 2880.953369140625

			num_epochs : 20
				learning_rate : 0.01
				weight_decay : 1e-05
					training loss : 0.029834173619747162
					validation loss : 91798.765625

				weight_decay : 1e-06
					training loss : 0.026270044967532158
					validation loss : 82318.5234375

				learning_rate : 0.001
				weight_decay : 1e-05
					training loss : 0.0010432933922857046
					validation loss : 2897.657470703125

				weight_decay : 1e-06
					training loss : 0.0011174865067005157
					validation loss : 2831.489501953125

		batch_size : 512
			num_epochs : 5
				learning_rate : 0.01
				weight_decay : 1e-05
					training loss : 0.02495037391781807
					validation loss : 72264.8046875

				weight_decay : 1e-06
					training loss : 0.027121154591441154
					validation loss : 78137.34375

				learning_rate : 0.001
				weight_decay : 1e-05
					training loss : 0.0012316284701228142
					validation loss : 3201.104248046875

				weight_decay : 1e-06
					training loss : 0.0012390966294333339
					validation loss : 3277.138427734375

			num_epochs : 10
				learning_rate : 0.01
				weight_decay : 1e-05
					training loss : 0.024829097092151642
					validation loss : 74438.125

				weight_decay : 1e-06
					training loss : 0.02187422290444374
					validation loss : 81705.546875

				learning_rate : 0.001
				weight_decay : 1e-05
					training loss : 0.0011767424875870347
					validation loss : 3129.422607421875

				weight_decay : 1e-06
					training loss : 0.001052075414918363
					validation loss : 2887.7685546875

			num_epochs : 15
				learning_rate : 0.01
				weight_decay : 1e-05
					training loss : 0.01699506677687168
					validation loss : 71602.125

				weight_decay : 1e-06
					training loss : 0.020813612267374992
					validation loss : 82412.6328125

				learning_rate : 0.001
				weight_decay : 1e-05
					training loss : 0.00114027364179492
					validation loss : 2847.53857421875

				weight_decay : 1e-06
					training loss : 0.0011424979893490672
					validation loss : 2848.705078125

			num_epochs : 20
				learning_rate : 0.01
				weight_decay : 1e-05
					training loss : 0.026290081441402435
					validation loss : 72190.7890625

				weight_decay : 1e-06
					training loss : 0.024001594632864
					validation loss : 76341.265625

				learning_rate : 0.001
				weight_decay : 1e-05
					training loss : 0.0011925072176381946
					validation loss : 2873.058837890625

				weight_decay : 1e-06
					training loss : 0.0012324060080572963
					validation loss : 2847.5703125

		batch_size : 128
			num_epochs : 5
				learning_rate : 0.01
				weight_decay : 1e-05
					training loss : 0.0427190400660038
					validation loss : 87518.0859375

				weight_decay : 1e-06
					training loss : 0.05138963833451271
					validation loss : 92145.3359375

				learning_rate : 0.001
				weight_decay : 1e-05
					training loss : 0.0010881319176405668
					validation loss : 2942.0712890625

				weight_decay : 1e-06
					training loss : 0.0013037070166319609
					validation loss : 3055.605712890625

			num_epochs : 10
				learning_rate : 0.01
				weight_decay : 1e-05
					training loss : 0.052191752940416336
					validation loss : 74953.796875

				weight_decay : 1e-06
					training loss : 0.032540462911129
					validation loss : 81011.3125

				learning_rate : 0.001
				weight_decay : 1e-05
					training loss : 0.0010884631192311645
					validation loss : 2951.98779296875

				weight_decay : 1e-06
					training loss : 0.0022627946455031633
					validation loss : 4384.45458984375

			num_epochs : 15
				learning_rate : 0.01
				weight_decay : 1e-05
					training loss : 0.05981334671378136
					validation loss : 80294.8671875

				weight_decay : 1e-06
					training loss : 0.025225332006812096
					validation loss : 77516.1875

				learning_rate : 0.001
				weight_decay : 1e-05
					training loss : 0.0011177877895534039
					validation loss : 2907.47265625

				weight_decay : 1e-06
					training loss : 0.001036600093357265
					validation loss : 2996.89501953125

			num_epochs : 20
				learning_rate : 0.01
				weight_decay : 1e-05
					training loss : 0.04563521593809128
					validation loss : 77032.515625

				weight_decay : 1e-06
					training loss : 0.05985984951257706
					validation loss : 79744.640625

				learning_rate : 0.001
				weight_decay : 1e-05
					training loss : 0.0010215233778581023
					validation loss : 2976.64013671875

				weight_decay : 1e-06
					training loss : 0.0011988412588834763
					validation loss : 2901.4296875

n_layers : 5
	n_hidden : 16
		batch_size : 1024
			num_epochs : 5
				learning_rate : 0.01
				weight_decay : 1e-05
					training loss : 0.0018133160192519426
					validation loss : 3257.975341796875

				weight_decay : 1e-06
					training loss : 0.0019421989563852549
					validation loss : 3524.782958984375

				learning_rate : 0.001
				weight_decay : 1e-05
					training loss : 0.020508846268057823
					validation loss : 68086.796875

				weight_decay : 1e-06
					training loss : 0.009208372794091702
					validation loss : 10512.765625

			num_epochs : 10
				learning_rate : 0.01
				weight_decay : 1e-05
					training loss : 0.0015598884783685207
					validation loss : 2782.58349609375

				weight_decay : 1e-06
					training loss : 0.002235635882243514
					validation loss : 4042.426513671875

				learning_rate : 0.001
				weight_decay : 1e-05
					training loss : 0.003999612294137478
					validation loss : 4908.81396484375

				weight_decay : 1e-06
					training loss : 0.015119877643883228
					validation loss : 8753.9326171875

			num_epochs : 15
				learning_rate : 0.01
				weight_decay : 1e-05
					training loss : 0.0014860781375318766
					validation loss : 3113.399169921875

				weight_decay : 1e-06
					training loss : 0.0015784217976033688
					validation loss : 3256.709716796875

				learning_rate : 0.001
				weight_decay : 1e-05
					training loss : 0.0059641022235155106
					validation loss : 5354.61669921875

				weight_decay : 1e-06
					training loss : 0.003688761265948415
					validation loss : 4383.26220703125

			num_epochs : 20
				learning_rate : 0.01
				weight_decay : 1e-05
					training loss : 0.0015332215698435903
					validation loss : 2960.904541015625

				weight_decay : 1e-06
					training loss : 0.0016881537158042192
					validation loss : 2930.63916015625

				learning_rate : 0.001
				weight_decay : 1e-05
					training loss : 0.0023529415484517813
					validation loss : 3828.102783203125

				weight_decay : 1e-06
					training loss : 0.0024990837555378675
					validation loss : 3833.753173828125

		batch_size : 512
			num_epochs : 5
				learning_rate : 0.01
				weight_decay : 1e-05
					training loss : 0.0015018150443211198
					validation loss : 3003.71484375

				weight_decay : 1e-06
					training loss : 0.0013851989060640335
					validation loss : 2851.29443359375

				learning_rate : 0.001
				weight_decay : 1e-05
					training loss : 0.0027411626651883125
					validation loss : 4581.2333984375

				weight_decay : 1e-06
					training loss : 0.004942803177982569
					validation loss : 6426.20556640625

			num_epochs : 10
				learning_rate : 0.01
				weight_decay : 1e-05
					training loss : 0.0016083787195384502
					validation loss : 2879.817626953125

				weight_decay : 1e-06
					training loss : 0.0016189744928851724
					validation loss : 2826.8466796875

				learning_rate : 0.001
				weight_decay : 1e-05
					training loss : 0.0022897471208125353
					validation loss : 3976.482421875

				weight_decay : 1e-06
					training loss : 0.002875123405829072
					validation loss : 3814.382568359375

			num_epochs : 15
				learning_rate : 0.01
				weight_decay : 1e-05
					training loss : 0.0013472752179950476
					validation loss : 2774.515625

				weight_decay : 1e-06
					training loss : 0.00172892096452415
					validation loss : 3097.92333984375

				learning_rate : 0.001
				weight_decay : 1e-05
					training loss : 0.003513909876346588
					validation loss : 3717.8798828125

				weight_decay : 1e-06
					training loss : 0.0013092930894345045
					validation loss : 3072.558349609375

			num_epochs : 20
				learning_rate : 0.01
				weight_decay : 1e-05
					training loss : 0.0017297820886597037
					validation loss : 2889.088623046875

				weight_decay : 1e-06
					training loss : 0.0021306665148586035
					validation loss : 2771.108154296875

				learning_rate : 0.001
				weight_decay : 1e-05
					training loss : 0.0011848106514662504
					validation loss : 2839.0087890625

				weight_decay : 1e-06
					training loss : 0.001188496476970613
					validation loss : 2886.08837890625

		batch_size : 128
			num_epochs : 5
				learning_rate : 0.01
				weight_decay : 1e-05
					training loss : 0.001332281855866313
					validation loss : 3207.326904296875

				weight_decay : 1e-06
					training loss : 0.001286697923205793
					validation loss : 3030.970947265625

				learning_rate : 0.001
				weight_decay : 1e-05
					training loss : 0.0014827289851382375
					validation loss : 3389.52587890625

				weight_decay : 1e-06
					training loss : 0.0016328409546986222
					validation loss : 3598.085693359375

			num_epochs : 10
				learning_rate : 0.01
				weight_decay : 1e-05
					training loss : 0.0011764875380322337
					validation loss : 2976.567138671875

				weight_decay : 1e-06
					training loss : 0.0012960511958226562
					validation loss : 3298.236083984375

				learning_rate : 0.001
				weight_decay : 1e-05
					training loss : 0.00114962097723037
					validation loss : 2883.833740234375

				weight_decay : 1e-06
					training loss : 0.0012471906375139952
					validation loss : 2878.839111328125

			num_epochs : 15
				learning_rate : 0.01
				weight_decay : 1e-05
					training loss : 0.0014506340958178043
					validation loss : 3098.100341796875

				weight_decay : 1e-06
					training loss : 0.001253914088010788
					validation loss : 3188.2021484375

				learning_rate : 0.001
				weight_decay : 1e-05
					training loss : 0.0012300171656534076
					validation loss : 2851.577880859375

				weight_decay : 1e-06
					training loss : 0.001238352619111538
					validation loss : 2817.826904296875

			num_epochs : 20
				learning_rate : 0.01
				weight_decay : 1e-05
					training loss : 0.0015267671551555395
					validation loss : 2984.907958984375

				weight_decay : 1e-06
					training loss : 0.0012097358703613281
					validation loss : 3435.94091796875

				learning_rate : 0.001
				weight_decay : 1e-05
					training loss : 0.001214752672240138
					validation loss : 2822.59423828125

				weight_decay : 1e-06
					training loss : 0.0012253414606675506
					validation loss : 2835.544189453125

	n_hidden : 32
		batch_size : 1024
			num_epochs : 5
				learning_rate : 0.01
				weight_decay : 1e-05
					training loss : 0.0015486571937799454
					validation loss : 2828.865478515625

				weight_decay : 1e-06
					training loss : 0.0018303683027625084
					validation loss : 4608.580078125

				learning_rate : 0.001
				weight_decay : 1e-05
					training loss : 0.013164248317480087
					validation loss : 10412.0244140625

				weight_decay : 1e-06
					training loss : 0.007115027867257595
					validation loss : 6348.4072265625

			num_epochs : 10
				learning_rate : 0.01
				weight_decay : 1e-05
					training loss : 0.0013471613638103008
					validation loss : 2783.170654296875

				weight_decay : 1e-06
					training loss : 0.0018017040565609932
					validation loss : 3669.86474609375

				learning_rate : 0.001
				weight_decay : 1e-05
					training loss : 0.003042401745915413
					validation loss : 4856.40087890625

				weight_decay : 1e-06
					training loss : 0.002885043155401945
					validation loss : 4843.07373046875

			num_epochs : 15
				learning_rate : 0.01
				weight_decay : 1e-05
					training loss : 0.0012910842197015882
					validation loss : 2813.404052734375

				weight_decay : 1e-06
					training loss : 0.0014259129529818892
					validation loss : 2831.1025390625

				learning_rate : 0.001
				weight_decay : 1e-05
					training loss : 0.0018339647212997079
					validation loss : 3854.925048828125

				weight_decay : 1e-06
					training loss : 0.0016158499056473374
					validation loss : 3327.129638671875

			num_epochs : 20
				learning_rate : 0.01
				weight_decay : 1e-05
					training loss : 0.0014476292999461293
					validation loss : 2996.528564453125

				weight_decay : 1e-06
					training loss : 0.0015567103400826454
					validation loss : 3280.0859375

				learning_rate : 0.001
				weight_decay : 1e-05
					training loss : 0.0016602824907749891
					validation loss : 3800.997802734375

				weight_decay : 1e-06
					training loss : 0.0015879964921623468
					validation loss : 3561.095458984375

		batch_size : 512
			num_epochs : 5
				learning_rate : 0.01
				weight_decay : 1e-05
					training loss : 0.0015735073247924447
					validation loss : 2826.771240234375

				weight_decay : 1e-06
					training loss : 0.0016357923159375787
					validation loss : 2910.896240234375

				learning_rate : 0.001
				weight_decay : 1e-05
					training loss : 0.003235873067751527
					validation loss : 4699.42041015625

				weight_decay : 1e-06
					training loss : 0.0021222406066954136
					validation loss : 4153.03173828125

			num_epochs : 10
				learning_rate : 0.01
				weight_decay : 1e-05
					training loss : 0.002015343401581049
					validation loss : 3174.717041015625

				weight_decay : 1e-06
					training loss : 0.0018031273502856493
					validation loss : 3193.8271484375

				learning_rate : 0.001
				weight_decay : 1e-05
					training loss : 0.0015725871780887246
					validation loss : 3557.392333984375

				weight_decay : 1e-06
					training loss : 0.0014700365718454123
					validation loss : 3697.265869140625

			num_epochs : 15
				learning_rate : 0.01
				weight_decay : 1e-05
					training loss : 0.0014600201975554228
					validation loss : 2833.054931640625

				weight_decay : 1e-06
					training loss : 0.0011625910410657525
					validation loss : 2852.1650390625

				learning_rate : 0.001
				weight_decay : 1e-05
					training loss : 0.00124523660633713
					validation loss : 3001.33935546875

				weight_decay : 1e-06
					training loss : 0.0013238892424851656
					validation loss : 3058.2490234375

			num_epochs : 20
				learning_rate : 0.01
				weight_decay : 1e-05
					training loss : 0.0012663225643336773
					validation loss : 2867.135009765625

				weight_decay : 1e-06
					training loss : 0.0012400689302012324
					validation loss : 3430.7900390625

				learning_rate : 0.001
				weight_decay : 1e-05
					training loss : 0.0011614765971899033
					validation loss : 2905.038330078125

				weight_decay : 1e-06
					training loss : 0.00119473272934556
					validation loss : 2795.04296875

		batch_size : 128
			num_epochs : 5
				learning_rate : 0.01
				weight_decay : 1e-05
					training loss : 0.0014648252399638295
					validation loss : 3259.259521484375

				weight_decay : 1e-06
					training loss : 0.0019014176214113832
					validation loss : 3429.313720703125

				learning_rate : 0.001
				weight_decay : 1e-05
					training loss : 0.0011137957917526364
					validation loss : 2901.37255859375

				weight_decay : 1e-06
					training loss : 0.0010785040212795138
					validation loss : 3023.968994140625

			num_epochs : 10
				learning_rate : 0.01
				weight_decay : 1e-05
					training loss : 0.0013464780058711767
					validation loss : 3425.32080078125

				weight_decay : 1e-06
					training loss : 0.0012689477298408747
					validation loss : 3411.987060546875

				learning_rate : 0.001
				weight_decay : 1e-05
					training loss : 0.0011888057924807072
					validation loss : 2900.001220703125

				weight_decay : 1e-06
					training loss : 0.00120471918489784
					validation loss : 2886.07177734375

			num_epochs : 15
				learning_rate : 0.01
				weight_decay : 1e-05
					training loss : 0.0018609273247420788
					validation loss : 3751.2958984375

				weight_decay : 1e-06
					training loss : 0.0014750129776075482
					validation loss : 3192.700927734375

				learning_rate : 0.001
				weight_decay : 1e-05
					training loss : 0.0011758997570723295
					validation loss : 2886.960693359375

				weight_decay : 1e-06
					training loss : 0.0011225269408896565
					validation loss : 2890.872314453125

			num_epochs : 20
				learning_rate : 0.01
				weight_decay : 1e-05
					training loss : 0.0018653058214113116
					validation loss : 3665.263427734375

				weight_decay : 1e-06
					training loss : 0.0012686585541814566
					validation loss : 3321.0615234375

				learning_rate : 0.001
				weight_decay : 1e-05
					training loss : 0.0012502530589699745
					validation loss : 2881.937255859375

				weight_decay : 1e-06
					training loss : 0.0011142616858705878
					validation loss : 2870.2890625

	n_hidden : 64
		batch_size : 1024
			num_epochs : 5
				learning_rate : 0.01
				weight_decay : 1e-05
					training loss : 0.021521110087633133
					validation loss : 71899.6328125

				weight_decay : 1e-06
					training loss : 0.02056385949254036
					validation loss : 70105.5546875

				learning_rate : 0.001
				weight_decay : 1e-05
					training loss : 0.0035787203814834356
					validation loss : 5040.51708984375

				weight_decay : 1e-06
					training loss : 0.0020204850006848574
					validation loss : 4352.9873046875

			num_epochs : 10
				learning_rate : 0.01
				weight_decay : 1e-05
					training loss : 0.02245902270078659
					validation loss : 71740.21875

				weight_decay : 1e-06
					training loss : 0.023597972467541695
					validation loss : 73306.6796875

				learning_rate : 0.001
				weight_decay : 1e-05
					training loss : 0.002543603302910924
					validation loss : 4234.126953125

				weight_decay : 1e-06
					training loss : 0.0017956439405679703
					validation loss : 4273.75439453125

			num_epochs : 15
				learning_rate : 0.01
				weight_decay : 1e-05
					training loss : 0.03627808392047882
					validation loss : 84915.0234375

				weight_decay : 1e-06
					training loss : 0.02149360626935959
					validation loss : 72032.5859375

				learning_rate : 0.001
				weight_decay : 1e-05
					training loss : 0.0010925017995759845
					validation loss : 2910.267578125

				weight_decay : 1e-06
					training loss : 0.0012244397075846791
					validation loss : 3230.909423828125

			num_epochs : 20
				learning_rate : 0.01
				weight_decay : 1e-05
					training loss : 0.020735345780849457
					validation loss : 71816.015625

				weight_decay : 1e-06
					training loss : 0.02531840279698372
					validation loss : 71856.25

				learning_rate : 0.001
				weight_decay : 1e-05
					training loss : 0.0010581545066088438
					validation loss : 2998.916015625

				weight_decay : 1e-06
					training loss : 0.001156097394414246
					validation loss : 2871.200927734375

		batch_size : 512
			num_epochs : 5
				learning_rate : 0.01
				weight_decay : 1e-05
					training loss : 0.025614988058805466
					validation loss : 80581.6484375

				weight_decay : 1e-06
					training loss : 0.025433968752622604
					validation loss : 81374.765625

				learning_rate : 0.001
				weight_decay : 1e-05
					training loss : 0.001596003188751638
					validation loss : 3886.8857421875

				weight_decay : 1e-06
					training loss : 0.0016987896524369717
					validation loss : 3781.38330078125

			num_epochs : 10
				learning_rate : 0.01
				weight_decay : 1e-05
					training loss : 0.020891420543193817
					validation loss : 72102.125

				weight_decay : 1e-06
					training loss : 0.021550724282860756
					validation loss : 71783.7265625

				learning_rate : 0.001
				weight_decay : 1e-05
					training loss : 0.0011776094324886799
					validation loss : 2912.8671875

				weight_decay : 1e-06
					training loss : 0.0011923417914658785
					validation loss : 2933.30908203125

			num_epochs : 15
				learning_rate : 0.01
				weight_decay : 1e-05
					training loss : 0.02759230136871338
					validation loss : 84540.8671875

				weight_decay : 1e-06
					training loss : 0.024793963879346848
					validation loss : 79864.703125

				learning_rate : 0.001
				weight_decay : 1e-05
					training loss : 0.0011582134757190943
					validation loss : 3101.27099609375

				weight_decay : 1e-06
					training loss : 0.0011426827404648066
					validation loss : 2862.552001953125

			num_epochs : 20
				learning_rate : 0.01
				weight_decay : 1e-05
					training loss : 0.02195761352777481
					validation loss : 72380.84375

				weight_decay : 1e-06
					training loss : 0.03549797087907791
					validation loss : 92423.8203125

				learning_rate : 0.001
				weight_decay : 1e-05
					training loss : 0.0011498581152409315
					validation loss : 2828.5634765625

				weight_decay : 1e-06
					training loss : 0.0011274574790149927
					validation loss : 2816.059326171875

		batch_size : 128
			num_epochs : 5
				learning_rate : 0.01
				weight_decay : 1e-05
					training loss : 0.025312574580311775
					validation loss : 75980.390625

				weight_decay : 1e-06
					training loss : 0.03242526203393936
					validation loss : 48654.0703125

				learning_rate : 0.001
				weight_decay : 1e-05
					training loss : 0.0010983822867274284
					validation loss : 2953.929931640625

				weight_decay : 1e-06
					training loss : 0.0010390388779342175
					validation loss : 2954.385986328125

			num_epochs : 10
				learning_rate : 0.01
				weight_decay : 1e-05
					training loss : 0.025112463161349297
					validation loss : 75515.65625

				weight_decay : 1e-06
					training loss : 0.0356903001666069
					validation loss : 81444.2578125

				learning_rate : 0.001
				weight_decay : 1e-05
					training loss : 0.00106933549977839
					validation loss : 3067.879638671875

				weight_decay : 1e-06
					training loss : 0.0010673892684280872
					validation loss : 2937.306396484375

			num_epochs : 15
				learning_rate : 0.01
				weight_decay : 1e-05
					training loss : 0.04105499014258385
					validation loss : 83331.140625

				weight_decay : 1e-06
					training loss : 0.03065776824951172
					validation loss : 83252.1484375

				learning_rate : 0.001
				weight_decay : 1e-05
					training loss : 0.0011542311403900385
					validation loss : 3022.46044921875

				weight_decay : 1e-06
					training loss : 0.0011533491779118776
					validation loss : 3173.11572265625

			num_epochs : 20
				learning_rate : 0.01
				weight_decay : 1e-05
					training loss : 0.0017063043778762221
					validation loss : 3039.641357421875

				weight_decay : 1e-06
					training loss : 0.027018103748559952
					validation loss : 79278.09375

				learning_rate : 0.001
				weight_decay : 1e-05
					training loss : 0.001072593149729073
					validation loss : 2953.296630859375

				weight_decay : 1e-06
					training loss : 0.0011235378915444016
					validation loss : 2897.0009765625

	n_hidden : 128
		batch_size : 1024
			num_epochs : 5
				learning_rate : 0.01
				weight_decay : 1e-05
					training loss : 0.02045593224465847
					validation loss : 71861.2109375

				weight_decay : 1e-06
					training loss : 0.0218270942568779
					validation loss : 72218.515625

				learning_rate : 0.001
				weight_decay : 1e-05
					training loss : 0.0017507218290120363
					validation loss : 3756.866943359375

				weight_decay : 1e-06
					training loss : 0.0016929925186559558
					validation loss : 4865.888671875

			num_epochs : 10
				learning_rate : 0.01
				weight_decay : 1e-05
					training loss : 0.01904989406466484
					validation loss : 72018.5625

				weight_decay : 1e-06
					training loss : 0.03435094654560089
					validation loss : 86638.8046875

				learning_rate : 0.001
				weight_decay : 1e-05
					training loss : 0.0010956950718536973
					validation loss : 3193.102783203125

				weight_decay : 1e-06
					training loss : 0.0012606309028342366
					validation loss : 3088.631591796875

			num_epochs : 15
				learning_rate : 0.01
				weight_decay : 1e-05
					training loss : 0.0242618415504694
					validation loss : 85182.84375

				weight_decay : 1e-06
					training loss : 0.02327577769756317
					validation loss : 81195.7890625

				learning_rate : 0.001
				weight_decay : 1e-05
					training loss : 0.00107063096947968
					validation loss : 2813.30810546875

				weight_decay : 1e-06
					training loss : 0.0010905073722824454
					validation loss : 2834.323486328125

			num_epochs : 20
				learning_rate : 0.01
				weight_decay : 1e-05
					training loss : 0.03423260524868965
					validation loss : 77793.234375

				weight_decay : 1e-06
					training loss : 0.019664743915200233
					validation loss : 71904.2890625

				learning_rate : 0.001
				weight_decay : 1e-05
					training loss : 0.0011294259456917644
					validation loss : 2824.40234375

				weight_decay : 1e-06
					training loss : 0.0011501888511702418
					validation loss : 2832.089111328125

		batch_size : 512
			num_epochs : 5
				learning_rate : 0.01
				weight_decay : 1e-05
					training loss : 0.021738562732934952
					validation loss : 80763.78125

				weight_decay : 1e-06
					training loss : 0.02017160691320896
					validation loss : 71769.6015625

				learning_rate : 0.001
				weight_decay : 1e-05
					training loss : 0.0011607768246904016
					validation loss : 2954.260498046875

				weight_decay : 1e-06
					training loss : 0.001341809518635273
					validation loss : 2977.356689453125

			num_epochs : 10
				learning_rate : 0.01
				weight_decay : 1e-05
					training loss : 0.02512921206653118
					validation loss : 73952.21875

				weight_decay : 1e-06
					training loss : 0.02468051202595234
					validation loss : 74347.2734375

				learning_rate : 0.001
				weight_decay : 1e-05
					training loss : 0.0011536047095432878
					validation loss : 2870.409423828125

				weight_decay : 1e-06
					training loss : 0.001170773757621646
					validation loss : 2828.148681640625

			num_epochs : 15
				learning_rate : 0.01
				weight_decay : 1e-05
					training loss : 0.026112793013453484
					validation loss : 71710.921875

				weight_decay : 1e-06
					training loss : 0.021720847114920616
					validation loss : 81357.7890625

				learning_rate : 0.001
				weight_decay : 1e-05
					training loss : 0.001123818219639361
					validation loss : 2834.848876953125

				weight_decay : 1e-06
					training loss : 0.0011148550547659397
					validation loss : 2855.642822265625

			num_epochs : 20
				learning_rate : 0.01
				weight_decay : 1e-05
					training loss : 0.021769283339381218
					validation loss : 78333.3828125

				weight_decay : 1e-06
					training loss : 0.022485416382551193
					validation loss : 79660.8125

				learning_rate : 0.001
				weight_decay : 1e-05
					training loss : 0.0012858293484896421
					validation loss : 2822.368408203125

				weight_decay : 1e-06
					training loss : 0.0011894035851582885
					validation loss : 2860.787353515625

		batch_size : 128
			num_epochs : 5
				learning_rate : 0.01
				weight_decay : 1e-05
					training loss : 0.03058934584259987
					validation loss : 82741.5

				weight_decay : 1e-06
					training loss : 0.05598282814025879
					validation loss : 84733.9140625

				learning_rate : 0.001
				weight_decay : 1e-05
					training loss : 0.0014033785555511713
					validation loss : 3144.189697265625

				weight_decay : 1e-06
					training loss : 0.0012486251071095467
					validation loss : 2973.852783203125

			num_epochs : 10
				learning_rate : 0.01
				weight_decay : 1e-05
					training loss : 0.037469055503606796
					validation loss : 87048.28125

				weight_decay : 1e-06
					training loss : 0.045933276414871216
					validation loss : 94141.3828125

				learning_rate : 0.001
				weight_decay : 1e-05
					training loss : 0.001192590338177979
					validation loss : 3016.362060546875

				weight_decay : 1e-06
					training loss : 0.0010752215748652816
					validation loss : 2993.191162109375

			num_epochs : 15
				learning_rate : 0.01
				weight_decay : 1e-05
					training loss : 0.05305290222167969
					validation loss : 77749.125

				weight_decay : 1e-06
					training loss : 0.05260733515024185
					validation loss : 77484.75

				learning_rate : 0.001
				weight_decay : 1e-05
					training loss : 0.0013566045090556145
					validation loss : 2942.6435546875

				weight_decay : 1e-06
					training loss : 0.001326472032815218
					validation loss : 2901.984130859375

			num_epochs : 20
				learning_rate : 0.01
				weight_decay : 1e-05
					training loss : 0.03461070731282234
					validation loss : 81786.7265625

				weight_decay : 1e-06
					training loss : 0.02388664521276951
					validation loss : 74003.5625

				learning_rate : 0.001
				weight_decay : 1e-05
					training loss : 0.0012183226644992828
					validation loss : 2992.26123046875

				weight_decay : 1e-06
					training loss : 0.0010727070039138198
					validation loss : 3095.291259765625

